Log file open, 06/22/18 20:59:56
LogWindows: Failed to load 'aqProf.dll' (GetLastError=126)
LogWindows: File 'aqProf.dll' does not exist
LogWindows: Failed to load 'VtuneApi.dll' (GetLastError=126)
LogWindows: File 'VtuneApi.dll' does not exist
LogWindows: Failed to load 'VtuneApi32e.dll' (GetLastError=126)
LogWindows: File 'VtuneApi32e.dll' does not exist
LogInit: Display: Running engine for game: DrunkFighting
LogPlatformFile: Not using cached read wrapper
LogInit: Display: RandInit(-947223964) SRandInit(-947223964).
LogInit: Read version file with build ID '3944462'
LogInit: Overriding engine version to CL 4033788, compatible CL 3944462
LogInit: Registered custom module enumerator with build ID '3944462'
LogTaskGraph: Started task graph with 5 named threads and 17 total threads with 3 sets of task threads.
LogStats: Stats thread started at 0.255704
LogD3D11RHI: Aftermath initialized
LogICUInternationalization: Display: ICU TimeZone Detection - Raw Offset: +1:00, Platform Override: ''
LogModuleManager: Display: Found up-to-date module file ../../../Engine/Plugins/2D/Paper2D/Binaries/Win64/UE4Editor-Paper2D.dll (API version 3944462).
LogModuleManager: Display: Found up-to-date module file ../../../Engine/Plugins/2D/Paper2D/Binaries/Win64/UE4Editor-Paper2DEditor.dll (API version 3944462).
LogModuleManager: Display: Found up-to-date module file ../../../Engine/Plugins/2D/Paper2D/Binaries/Win64/UE4Editor-PaperSpriteSheetImporter.dll (API version 3944462).
LogModuleManager: Display: Found up-to-date module file ../../../Engine/Plugins/2D/Paper2D/Binaries/Win64/UE4Editor-PaperTiledImporter.dll (API version 3944462).
LogModuleManager: Display: Found up-to-date module file ../../../Engine/Plugins/2D/Paper2D/Binaries/Win64/UE4Editor-SmartSnapping.dll (API version 3944462).
LogModuleManager: Display: Found up-to-date module file ../../../Engine/Plugins/Blendables/LightPropagationVolume/Binaries/Win64/UE4Editor-LightPropagationVolumeRuntime.dll (API version 3944462).
LogModuleManager: Display: Found up-to-date module file ../../../Engine/Plugins/Blendables/LightPropagationVolume/Binaries/Win64/UE4Editor-LightPropagationVolumeEditor.dll (API version 3944462).
LogModuleManager: Display: Found up-to-date module file ../../../Engine/Plugins/Developer/CLionSourceCodeAccess/Binaries/Win64/UE4Editor-CLionSourceCodeAccess.dll (API version 3944462).
LogModuleManager: Display: Found up-to-date module file ../../../Engine/Plugins/Developer/GitSourceControl/Binaries/Win64/UE4Editor-GitSourceControl.dll (API version 3944462).
LogModuleManager: Display: Found up-to-date module file ../../../Engine/Plugins/Developer/PerforceSourceControl/Binaries/Win64/UE4Editor-PerforceSourceControl.dll (API version 3944462).
LogModuleManager: Display: Found up-to-date module file ../../../Engine/Plugins/Developer/SubversionSourceControl/Binaries/Win64/UE4Editor-SubversionSourceControl.dll (API version 3944462).
LogModuleManager: Display: Found up-to-date module file ../../../Engine/Plugins/Developer/UObjectPlugin/Binaries/Win64/UE4Editor-UObjectPlugin.dll (API version 3944462).
LogModuleManager: Display: Found up-to-date module file ../../../Engine/Plugins/Developer/VisualStudioCodeSourceCodeAccess/Binaries/Win64/UE4Editor-VisualStudioCodeSourceCodeAccess.dll (API version 3944462).
LogModuleManager: Display: Found up-to-date module file ../../../Engine/Plugins/Developer/VisualStudioSourceCodeAccess/Binaries/Win64/UE4Editor-VisualStudioSourceCodeAccess.dll (API version 3944462).
LogModuleManager: Display: Found up-to-date module file ../../../Engine/Plugins/Editor/AssetManagerEditor/Binaries/Win64/UE4Editor-AssetManagerEditor.dll (API version 3944462).
LogModuleManager: Display: Found up-to-date module file ../../../Engine/Plugins/Editor/CryptoKeys/Binaries/Win64/UE4Editor-CryptoKeys.dll (API version 3944462).
LogModuleManager: Display: Found up-to-date module file ../../../Engine/Plugins/Editor/CryptoKeys/Binaries/Win64/UE4Editor-CryptoKeysOpenSSL.dll (API version 3944462).
LogModuleManager: Display: Found up-to-date module file ../../../Engine/Plugins/Editor/DataValidation/Binaries/Win64/UE4Editor-DataValidation.dll (API version 3944462).
LogModuleManager: Display: Found up-to-date module file ../../../Engine/Plugins/Editor/FacialAnimation/Binaries/Win64/UE4Editor-FacialAnimation.dll (API version 3944462).
LogModuleManager: Display: Found up-to-date module file ../../../Engine/Plugins/Editor/FacialAnimation/Binaries/Win64/UE4Editor-FacialAnimationEditor.dll (API version 3944462).
LogModuleManager: Display: Found up-to-date module file ../../../Engine/Plugins/Editor/GameplayTagsEditor/Binaries/Win64/UE4Editor-GameplayTagsEditor.dll (API version 3944462).
LogModuleManager: Display: Found up-to-date module file ../../../Engine/Plugins/Editor/MobileLauncherProfileWizard/Binaries/Win64/UE4Editor-MobileLauncherProfileWizard.dll (API version 3944462).
LogModuleManager: Display: Found up-to-date module file ../../../Engine/Plugins/Editor/PluginBrowser/Binaries/Win64/UE4Editor-PluginBrowser.dll (API version 3944462).
LogModuleManager: Display: Found up-to-date module file ../../../Engine/Plugins/Editor/SpeedTreeImporter/Binaries/Win64/UE4Editor-SpeedTreeImporter.dll (API version 3944462).
LogModuleManager: Display: Found up-to-date module file ../../../Engine/Plugins/Enterprise/DatasmithContent/Binaries/Win64/UE4Editor-DatasmithContent.dll (API version 3944462).
LogModuleManager: Display: Found up-to-date module file ../../../Engine/Plugins/Experimental/AlembicImporter/Binaries/Win64/UE4Editor-AlembicImporter.dll (API version 3944462).
LogModuleManager: Display: Found up-to-date module file ../../../Engine/Plugins/Experimental/AlembicImporter/Binaries/Win64/UE4Editor-AlembicLibrary.dll (API version 3944462).
LogModuleManager: Display: Found up-to-date module file ../../../Engine/Plugins/Experimental/CharacterAI/Binaries/Win64/UE4Editor-CharacterAI.dll (API version 3944462).
LogModuleManager: Display: Found up-to-date module file ../../../Engine/Plugins/Experimental/HTML5Networking/Binaries/Win64/UE4Editor-HTML5Networking.dll (API version 3944462).
LogModuleManager: Display: Found up-to-date module file ../../../Engine/Plugins/Media/AndroidMedia/Binaries/Win64/UE4Editor-AndroidMediaEditor.dll (API version 3944462).
LogModuleManager: Display: Found up-to-date module file ../../../Engine/Plugins/Media/AndroidMedia/Binaries/Win64/UE4Editor-AndroidMediaFactory.dll (API version 3944462).
LogModuleManager: Display: Found up-to-date module file ../../../Engine/Plugins/Media/AvfMedia/Binaries/Win64/UE4Editor-AvfMediaEditor.dll (API version 3944462).
LogModuleManager: Display: Found up-to-date module file ../../../Engine/Plugins/Media/AvfMedia/Binaries/Win64/UE4Editor-AvfMediaFactory.dll (API version 3944462).
LogModuleManager: Display: Found up-to-date module file ../../../Engine/Plugins/Media/AvfMedia/Binaries/Win64/UE4Editor-AvfMediaFactory.dll (API version 3944462).
LogModuleManager: Display: Found up-to-date module file ../../../Engine/Plugins/Media/ImgMedia/Binaries/Win64/UE4Editor-ImgMedia.dll (API version 3944462).
LogModuleManager: Display: Found up-to-date module file ../../../Engine/Plugins/Media/ImgMedia/Binaries/Win64/UE4Editor-ImgMediaEditor.dll (API version 3944462).
LogModuleManager: Display: Found up-to-date module file ../../../Engine/Plugins/Media/ImgMedia/Binaries/Win64/UE4Editor-ImgMediaFactory.dll (API version 3944462).
LogModuleManager: Display: Found up-to-date module file ../../../Engine/Plugins/Media/ImgMedia/Binaries/Win64/UE4Editor-ImgMediaFactory.dll (API version 3944462).
LogModuleManager: Display: Found up-to-date module file ../../../Engine/Plugins/Media/ImgMedia/Binaries/Win64/UE4Editor-OpenExrWrapper.dll (API version 3944462).
LogModuleManager: Display: Found up-to-date module file ../../../Engine/Plugins/Media/LinearTimecode/Binaries/Win64/UE4Editor-LinearTimecode.dll (API version 3944462).
LogModuleManager: Display: Found up-to-date module file ../../../Engine/Plugins/Media/MediaCompositing/Binaries/Win64/UE4Editor-MediaCompositing.dll (API version 3944462).
LogModuleManager: Display: Found up-to-date module file ../../../Engine/Plugins/Media/MediaCompositing/Binaries/Win64/UE4Editor-MediaCompositingEditor.dll (API version 3944462).
LogModuleManager: Display: Found up-to-date module file ../../../Engine/Plugins/Media/MediaPlayerEditor/Binaries/Win64/UE4Editor-MediaPlayerEditor.dll (API version 3944462).
LogModuleManager: Display: Found up-to-date module file ../../../Engine/Plugins/Media/WmfMedia/Binaries/Win64/UE4Editor-WmfMedia.dll (API version 3944462).
LogModuleManager: Display: Found up-to-date module file ../../../Engine/Plugins/Media/WmfMedia/Binaries/Win64/UE4Editor-WmfMediaEditor.dll (API version 3944462).
LogModuleManager: Display: Found up-to-date module file ../../../Engine/Plugins/Media/WmfMedia/Binaries/Win64/UE4Editor-WmfMediaFactory.dll (API version 3944462).
LogModuleManager: Display: Found up-to-date module file ../../../Engine/Plugins/Media/WmfMedia/Binaries/Win64/UE4Editor-WmfMediaFactory.dll (API version 3944462).
LogModuleManager: Display: Found up-to-date module file ../../../Engine/Plugins/Messaging/TcpMessaging/Binaries/Win64/UE4Editor-TcpMessaging.dll (API version 3944462).
LogModuleManager: Display: Found up-to-date module file ../../../Engine/Plugins/Messaging/UdpMessaging/Binaries/Win64/UE4Editor-UdpMessaging.dll (API version 3944462).
LogModuleManager: Display: Found up-to-date module file ../../../Engine/Plugins/MovieScene/ActorSequence/Binaries/Win64/UE4Editor-ActorSequence.dll (API version 3944462).
LogModuleManager: Display: Found up-to-date module file ../../../Engine/Plugins/MovieScene/LevelSequenceEditor/Binaries/Win64/UE4Editor-LevelSequenceEditor.dll (API version 3944462).
LogModuleManager: Display: Found up-to-date module file ../../../Engine/Plugins/MovieScene/MatineeToLevelSequence/Binaries/Win64/UE4Editor-MatineeToLevelSequence.dll (API version 3944462).
LogModuleManager: Display: Found up-to-date module file ../../../Engine/Plugins/NetcodeUnitTest/NetcodeUnitTest/Binaries/Win64/UE4Editor-NetcodeUnitTest.dll (API version 3944462).
LogModuleManager: Display: Found up-to-date module file ../../../Engine/Plugins/NetcodeUnitTest/NUTUnrealEngine4/Binaries/Win64/UE4Editor-NUTUnrealEngine4.dll (API version 3944462).
LogModuleManager: Display: Found up-to-date module file ../../../Engine/Plugins/Online/OnlineSubsystem/Binaries/Win64/UE4Editor-OnlineSubsystem.dll (API version 3944462).
LogModuleManager: Display: Found up-to-date module file ../../../Engine/Plugins/Runtime/AndroidPermission/Binaries/Win64/UE4Editor-AndroidPermission.dll (API version 3944462).
LogModuleManager: Display: Found up-to-date module file ../../../Engine/Plugins/Online/OnlineSubsystemNull/Binaries/Win64/UE4Editor-OnlineSubsystemNull.dll (API version 3944462).
LogModuleManager: Display: Found up-to-date module file ../../../Engine/Plugins/Online/OnlineSubsystemUtils/Binaries/Win64/UE4Editor-OnlineSubsystemUtils.dll (API version 3944462).
LogModuleManager: Display: Found up-to-date module file ../../../Engine/Plugins/Online/OnlineSubsystemUtils/Binaries/Win64/UE4Editor-OnlineBlueprintSupport.dll (API version 3944462).
LogModuleManager: Display: Found up-to-date module file ../../../Engine/Plugins/Runtime/AndroidDeviceProfileSelector/Binaries/Win64/UE4Editor-AndroidDeviceProfileSelector.dll (API version 3944462).
LogModuleManager: Display: Found up-to-date module file ../../../Engine/Plugins/Runtime/AppleARKit/Binaries/Win64/UE4Editor-AppleARKit.dll (API version 3944462).
LogModuleManager: Display: Found up-to-date module file ../../../Engine/Plugins/Runtime/ProceduralMeshComponent/Binaries/Win64/UE4Editor-ProceduralMeshComponent.dll (API version 3944462).
LogModuleManager: Display: Found up-to-date module file ../../../Engine/Plugins/Runtime/ProceduralMeshComponent/Binaries/Win64/UE4Editor-ProceduralMeshComponentEditor.dll (API version 3944462).
LogModuleManager: Display: Found up-to-date module file ../../../Engine/Plugins/Animation/LiveLink/Binaries/Win64/UE4Editor-LiveLink.dll (API version 3944462).
LogModuleManager: Display: Found up-to-date module file ../../../Engine/Plugins/Animation/LiveLink/Binaries/Win64/UE4Editor-LiveLinkEditor.dll (API version 3944462).
LogModuleManager: Display: Found up-to-date module file ../../../Engine/Plugins/Runtime/ArchVisCharacter/Binaries/Win64/UE4Editor-ArchVisCharacter.dll (API version 3944462).
LogModuleManager: Display: Found up-to-date module file ../../../Engine/Plugins/Runtime/AudioCapture/Binaries/Win64/UE4Editor-AudioCapture.dll (API version 3944462).
LogModuleManager: Display: Found up-to-date module file ../../../Engine/Plugins/Runtime/AudioCapture/Binaries/Win64/UE4Editor-AudioCaptureEditor.dll (API version 3944462).
LogModuleManager: Display: Found up-to-date module file ../../../Engine/Plugins/Runtime/CableComponent/Binaries/Win64/UE4Editor-CableComponent.dll (API version 3944462).
LogModuleManager: Display: Found up-to-date module file ../../../Engine/Plugins/Runtime/CustomMeshComponent/Binaries/Win64/UE4Editor-CustomMeshComponent.dll (API version 3944462).
LogModuleManager: Display: Found up-to-date module file ../../../Engine/Plugins/Runtime/ExampleDeviceProfileSelector/Binaries/Win64/UE4Editor-ExampleDeviceProfileSelector.dll (API version 3944462).
LogModuleManager: Display: Found up-to-date module file ../../../Engine/Plugins/Runtime/ImmediatePhysics/Binaries/Win64/UE4Editor-ImmediatePhysics.dll (API version 3944462).
LogModuleManager: Display: Found up-to-date module file ../../../Engine/Plugins/Runtime/ImmediatePhysics/Binaries/Win64/UE4Editor-ImmediatePhysicsEditor.dll (API version 3944462).
LogModuleManager: Display: Found up-to-date module file ../../../Engine/Plugins/Runtime/LocationServicesBPLibrary/Binaries/Win64/UE4Editor-LocationServicesBPLibrary.dll (API version 3944462).
LogModuleManager: Display: Found up-to-date module file ../../../Engine/Plugins/Runtime/MobilePatchingUtils/Binaries/Win64/UE4Editor-MobilePatchingUtils.dll (API version 3944462).
LogModuleManager: Display: Found up-to-date module file ../../../Engine/Plugins/Runtime/Oculus/OculusVR/Binaries/Win64/UE4Editor-OculusHMD.dll (API version 3944462).
LogModuleManager: Display: Found up-to-date module file ../../../Engine/Plugins/Runtime/Oculus/OculusVR/Binaries/Win64/UE4Editor-OculusInput.dll (API version 3944462).
LogModuleManager: Display: Found up-to-date module file ../../../Engine/Plugins/Runtime/Oculus/OculusVR/Binaries/Win64/UE4Editor-OculusEditor.dll (API version 3944462).
LogModuleManager: Display: Found up-to-date module file ../../../Engine/Plugins/Runtime/PhysXVehicles/Binaries/Win64/UE4Editor-PhysXVehicles.dll (API version 3944462).
LogModuleManager: Display: Found up-to-date module file ../../../Engine/Plugins/Runtime/PhysXVehicles/Binaries/Win64/UE4Editor-PhysXVehiclesEditor.dll (API version 3944462).
LogModuleManager: Display: Found up-to-date module file ../../../Engine/Plugins/Runtime/RuntimePhysXCooking/Binaries/Win64/UE4Editor-RuntimePhysXCooking.dll (API version 3944462).
LogModuleManager: Display: Found up-to-date module file ../../../Engine/Plugins/Runtime/Steam/SteamVR/Binaries/Win64/UE4Editor-SteamVR.dll (API version 3944462).
LogModuleManager: Display: Found up-to-date module file ../../../Engine/Plugins/Runtime/Steam/SteamVR/Binaries/Win64/UE4Editor-SteamVRController.dll (API version 3944462).
LogModuleManager: Display: Found up-to-date module file ../../../Engine/Plugins/Runtime/WindowsMoviePlayer/Binaries/Win64/UE4Editor-WindowsMoviePlayer.dll (API version 3944462).
LogPluginManager: Mounting plugin Paper2D
LogPluginManager: Mounting plugin LiveLink
LogPluginManager: Mounting plugin LightPropagationVolume
LogPluginManager: Mounting plugin CLionSourceCodeAccess
LogPluginManager: Mounting plugin CodeLiteSourceCodeAccess
LogPluginManager: Mounting plugin GitSourceControl
LogPluginManager: Mounting plugin KDevelopSourceCodeAccess
LogPluginManager: Mounting plugin NullSourceCodeAccess
LogPluginManager: Mounting plugin PerforceSourceControl
LogPluginManager: Mounting plugin SubversionSourceControl
LogPluginManager: Mounting plugin UObjectPlugin
LogPluginManager: Mounting plugin VisualStudioCodeSourceCodeAccess
LogPluginManager: Mounting plugin VisualStudioSourceCodeAccess
LogPluginManager: Mounting plugin XCodeSourceCodeAccess
LogPluginManager: Mounting plugin AssetManagerEditor
LogPluginManager: Mounting plugin CryptoKeys
LogPluginManager: Mounting plugin DataValidation
LogPluginManager: Mounting plugin FacialAnimation
LogPluginManager: Mounting plugin GameplayTagsEditor
LogPluginManager: Mounting plugin MobileLauncherProfileWizard
LogPluginManager: Mounting plugin PluginBrowser
LogPluginManager: Mounting plugin SpeedTreeImporter
LogPluginManager: Mounting plugin DatasmithContent
LogPluginManager: Mounting plugin AlembicImporter
LogPluginManager: Mounting plugin CharacterAI
LogPluginManager: Mounting plugin HTML5Networking
LogPluginManager: Mounting plugin AndroidMedia
LogPluginManager: Mounting plugin AvfMedia
LogPluginManager: Mounting plugin ImgMedia
LogPluginManager: Mounting plugin LinearTimecode
LogPluginManager: Mounting plugin MediaCompositing
LogPluginManager: Mounting plugin MediaPlayerEditor
LogPluginManager: Mounting plugin WmfMedia
LogPluginManager: Mounting plugin TcpMessaging
LogPluginManager: Mounting plugin UdpMessaging
LogPluginManager: Mounting plugin ActorSequence
LogPluginManager: Mounting plugin LevelSequenceEditor
LogPluginManager: Mounting plugin MatineeToLevelSequence
LogPluginManager: Mounting plugin NetcodeUnitTest
LogPluginManager: Mounting plugin NUTUnrealEngine4
LogPluginManager: Mounting plugin OnlineSubsystemGooglePlay
LogPluginManager: Mounting plugin OnlineSubsystemIOS
LogPluginManager: Mounting plugin OnlineSubsystem
LogPluginManager: Mounting plugin OnlineSubsystemNull
LogPluginManager: Mounting plugin OnlineSubsystemUtils
LogPluginManager: Mounting plugin AndroidDeviceProfileSelector
LogPluginManager: Mounting plugin AndroidMoviePlayer
LogPluginManager: Mounting plugin AndroidPermission
LogPluginManager: Mounting plugin AppleARKit
LogPluginManager: Mounting plugin AppleMoviePlayer
LogPluginManager: Mounting plugin ArchVisCharacter
LogPluginManager: Mounting plugin AudioCapture
LogPluginManager: Mounting plugin CableComponent
LogPluginManager: Mounting plugin CustomMeshComponent
LogPluginManager: Mounting plugin ExampleDeviceProfileSelector
LogPluginManager: Mounting plugin GoogleCloudMessaging
LogPluginManager: Mounting plugin ImmediatePhysics
LogPluginManager: Mounting plugin IOSDeviceProfileSelector
LogPluginManager: Mounting plugin LinuxDeviceProfileSelector
LogPluginManager: Mounting plugin LocationServicesBPLibrary
LogPluginManager: Mounting plugin MobilePatchingUtils
LogPluginManager: Mounting plugin OculusVR
LogPluginManager: Plugin shader directory ../../../Engine/Plugins/Runtime/Oculus/OculusVR/Shaders found
LogPluginManager: Mapping shader source directory ../../../Engine/Plugins/Runtime/Oculus/OculusVR/Shaders to virtual directory /Plugin/OculusVR
LogPluginManager: Mounting plugin PhysXVehicles
LogPluginManager: Mounting plugin ProceduralMeshComponent
LogPluginManager: Mounting plugin RuntimePhysXCooking
LogPluginManager: Mounting plugin SteamVR
LogPluginManager: Mounting plugin WindowsMoviePlayer
LogStreaming: Display: Took  1.792s to configure plugins.
LogInit: Using libcurl 7.47.1
LogInit:  - built for x86_64-pc-win32
LogInit:  - supports SSL with OpenSSL/1.0.2g
LogInit:  - supports HTTP deflate (compression) using libz 1.2.8
LogInit:  - other features:
LogInit:      CURL_VERSION_SSL
LogInit:      CURL_VERSION_LIBZ
LogInit:      CURL_VERSION_IPV6
LogInit:      CURL_VERSION_ASYNCHDNS
LogInit:      CURL_VERSION_LARGEFILE
LogInit:      CURL_VERSION_IDN
LogInit:  CurlRequestOptions (configurable via config and command line):
LogInit:  - bVerifyPeer = false  - Libcurl will NOT verify peer certificate
LogInit:  - bUseHttpProxy = false  - Libcurl will NOT use HTTP proxy
LogInit:  - bDontReuseConnections = false  - Libcurl will reuse connections
LogInit:  - CertBundlePath = nullptr  - Libcurl will use whatever was configured at build time.
LogInit:  - MaxHostConnections = 16  - Libcurl will limit the number of connections to a host
LogInit:  - LocalHostAddr = Default
LogInit: WinSock: version 1.1 (2.2), MaxSocks=32767, MaxUdp=65467
LogInit: WinSock: I am pc-tanguy (192.168.0.53:0)
LogInit: Build: ++UE4+Release-4.19-CL-4033788
LogInit: Engine Version: 4.19.2-4033788+++UE4+Release-4.19
LogInit: Compatible Engine Version: 4.19.0-3944462+++UE4+Release-4.19
LogInit: Net CL: 3944462
LogDevObjectVersion: Number of dev versions registered: 18
LogDevObjectVersion:   Dev-Blueprints (B0D832E4-1F89-4F0D-ACCF-7EB736FD4AA2): 10
LogDevObjectVersion:   Dev-Build (E1C64328-A22C-4D53-A36C-8E866417BD8C): 0
LogDevObjectVersion:   Dev-Core (375EC13C-06E4-48FB-B500-84F0262A717E): 2
LogDevObjectVersion:   Dev-Editor (E4B068ED-F494-42E9-A231-DA0B2E46BB41): 23
LogDevObjectVersion:   Dev-Framework (CFFC743F-43B0-4480-9391-14DF171D2073): 33
LogDevObjectVersion:   Dev-Mobile (B02B49B5-BB20-44E9-A304-32B752E40360): 2
LogDevObjectVersion:   Dev-Networking (A4E4105C-59A1-49B5-A7C5-40C4547EDFEE): 0
LogDevObjectVersion:   Dev-Online (39C831C9-5AE6-47DC-9A44-9C173E1C8E7C): 0
LogDevObjectVersion:   Dev-Physics (78F01B33-EBEA-4F98-B9B4-84EACCB95AA2): 0
LogDevObjectVersion:   Dev-Platform (6631380F-2D4D-43E0-8009-CF276956A95A): 0
LogDevObjectVersion:   Dev-Rendering (12F88B9F-8875-4AFC-A67C-D90C383ABD29): 25
LogDevObjectVersion:   Dev-Sequencer (7B5AE74C-D270-4C10-A958-57980B212A5A): 6
LogDevObjectVersion:   Dev-VR (D7296918-1DD6-4BDD-9DE2-64A83CC13884): 1
LogDevObjectVersion:   Dev-LoadTimes (C2A15278-BFE7-4AFE-6C17-90FF531DF755): 1
LogDevObjectVersion:   Private-Geometry (6EACA3D4-40EC-4CC1-B786-8BED09428FC5): 2
LogDevObjectVersion:   Dev-AnimPhys (29E575DD-E0A3-4627-9D10-D276232CDCEA): 16
LogDevObjectVersion:   Dev-ReflectionCapture (6B266CEC-1EC7-4B8F-A30B-E4D90942FC07): 1
LogDevObjectVersion:   Dev-Automation (0DF73D61-A23F-47EA-B727-89E90C41499A): 1
LogInit: Compiled (64-bit): Apr 27 2018 02:06:57
LogInit: Compiled with Visual C++: 19.00.24215.01
LogInit: Build Configuration: Development
LogInit: Branch Name: ++UE4+Release-4.19
LogInit: Command Line: -EpicPortal 
LogInit: Base Directory: F:/jeux/fortnite/UE_4.19/Engine/Binaries/Win64/
LogInit: Installed Engine Build: 1
LogStreaming: Display: Took  0.001s to delete old logs.
LogInit: Presizing for max 8388607 objects, including 0 objects not considered by GC, pre-allocating 0 bytes for permanent pool.
LogInit: Object subsystem initialized
[2018.06.22-18.59.58:912][  0]LogInit: Selected Device Profile: [Windows]
[2018.06.22-18.59.58:912][  0]LogInit: Applying CVar settings loaded from the selected device profile: [Windows]
[2018.06.22-18.59.58:926][  0]LogInit: Computer: PC-TANGUY
[2018.06.22-18.59.58:926][  0]LogInit: User: seb
[2018.06.22-18.59.58:926][  0]LogInit: CPU Page size=4096, Cores=3
[2018.06.22-18.59.58:926][  0]LogInit: High frequency timer resolution =3.441113 MHz
[2018.06.22-18.59.58:926][  0]LogMemory: Memory total: Physical=8.0GB (8GB approx)
[2018.06.22-18.59.58:926][  0]LogMemory: Platform Memory Stats for Windows
[2018.06.22-18.59.58:926][  0]LogMemory: Process Physical Memory: 275.59 MB used, 275.59 MB peak
[2018.06.22-18.59.58:926][  0]LogMemory: Process Virtual Memory: 273.41 MB used, 273.41 MB peak
[2018.06.22-18.59.58:926][  0]LogMemory: Physical Memory: 4239.77 MB used,  3933.66 MB free, 8173.43 MB total
[2018.06.22-18.59.58:926][  0]LogMemory: Virtual Memory: 645.61 MB used,  3933.66 MB free, 8388608.00 MB total
[2018.06.22-18.59.58:964][  0]LogInit: Using OS detected language (fr-FR).
[2018.06.22-18.59.58:964][  0]LogInit: Using OS detected locale (fr-FR).
[2018.06.22-18.59.58:969][  0]LogTextLocalizationManager: No localization for 'fr-FR' exists, so 'en' will be used for the language.
[2018.06.22-18.59.59:591][  0]LogStreaming: Display: Took  0.627s to EndInitTextLocalization.
[2018.06.22-18.59.59:592][  0]LogWindows: Failed to load 'shcore.dll' (GetLastError=126)
[2018.06.22-18.59.59:592][  0]LogWindows: File 'shcore.dll' does not exist
[2018.06.22-18.59.59:592][  0]LogInit: Setting process to DPI aware
[2018.06.22-18.59.59:598][  0]LogWindows: Failed to load 'shcore.dll' (GetLastError=126)
[2018.06.22-18.59.59:598][  0]LogWindows: File 'shcore.dll' does not exist
[2018.06.22-18.59.59:598][  0]LogInit: Setting process to DPI aware
[2018.06.22-18.59.59:638][  0]LogSlate: New Slate User Created.  User Index 0, Is Virtual User: 0
[2018.06.22-18.59.59:638][  0]LogSlate: Slate User Registered.  User Index 0, Is Virtual User: 0
[2018.06.22-18.59.59:950][  0]LogD3D11RHI: D3D11 adapters:
[2018.06.22-19.00.00:617][  0]LogD3D11RHI:    0. 'NVIDIA GeForce GTX 1050 Ti' (Feature Level 11_0)
[2018.06.22-19.00.00:617][  0]LogD3D11RHI:       4008/0/3830 MB DedicatedVideo/DedicatedSystem/SharedSystem, Outputs:1, VendorId:0x10de
[2018.06.22-19.00.00:617][  0]LogD3D11RHI: Chosen D3D11 Adapter: 0
[2018.06.22-19.00.00:626][  0]LogD3D11RHI: Creating new Direct3DDevice
[2018.06.22-19.00.00:627][  0]LogD3D11RHI:     GPU DeviceId: 0x1c82 (for the marketing name, search the web for "GPU Device Id")
[2018.06.22-19.00.00:627][  0]LogWindows: EnumDisplayDevices:
[2018.06.22-19.00.00:627][  0]LogWindows:    0. 'NVIDIA GeForce GTX 1050 Ti' (P:1 D:1)
[2018.06.22-19.00.00:628][  0]LogWindows:    1. 'NVIDIA GeForce GTX 1050 Ti' (P:0 D:0)
[2018.06.22-19.00.00:628][  0]LogWindows:    2. 'NVIDIA GeForce GTX 1050 Ti' (P:0 D:0)
[2018.06.22-19.00.00:629][  0]LogWindows:    3. 'NVIDIA GeForce GTX 1050 Ti' (P:0 D:0)
[2018.06.22-19.00.00:629][  0]LogWindows:    4. 'RDPDD Chained DD' (P:0 D:0)
[2018.06.22-19.00.00:629][  0]LogWindows:    5. 'RDP Encoder Mirror Driver' (P:0 D:0)
[2018.06.22-19.00.00:630][  0]LogWindows:    6. 'RDP Reflector Display Driver' (P:0 D:0)
[2018.06.22-19.00.00:630][  0]LogWindows: DebugString: GetVideoDriverDetailsInvalid PrimaryIsNotTheChoosenAdapter GetVideoDriverDetailsInvalid PrimaryIsNotTheChoosenAdapter GetVideoDriverDetailsInvalid PrimaryIsNotTheChoosenAdapter FoundDriverCount:4 
[2018.06.22-19.00.00:630][  0]LogD3D11RHI:     Adapter Name: NVIDIA GeForce GTX 1050 Ti
[2018.06.22-19.00.00:630][  0]LogD3D11RHI:   Driver Version: 382.05 (internal:22.21.13.8205, unified:382.05)
[2018.06.22-19.00.00:630][  0]LogD3D11RHI:      Driver Date: 5-1-2017
[2018.06.22-19.00.00:630][  0]LogRHI: Texture pool is 2806 MB (70% of 4008 MB)
[2018.06.22-19.00.01:226][  0]LogD3D11RHI: [Aftermath] Aftermath enabled but failed to initialize
[2018.06.22-19.00.01:227][  0]LogD3D11RHI: [Aftermath] Aftermath enabled and primed
[2018.06.22-19.00.01:227][  0]LogD3D11RHI: Async texture creation enabled
[2018.06.22-19.00.01:277][  0]LogD3D11RHI: GPU Timing Frequency: 1000.000000 (Debug: 2 2)
[2018.06.22-19.00.01:327][  0]LogShaderCompilers: Guid format shader working directory is 1 characters bigger than the processId version (C:/Users/seb/Documents/GitHub/DrunkFighting/Intermediate/Shaders/WorkingDirectory/4260/).
[2018.06.22-19.00.01:327][  0]LogShaderCompilers: Cleaned the shader compiler working directory 'C:/Users/seb/AppData/Local/Temp/UnrealShaderWorkingDir/95F4229849C69C170DF87CAB2DDB09D7/'.
[2018.06.22-19.00.01:642][  0]LogTemp: Display: Loaded TP AllDesktopTargetPlatform
[2018.06.22-19.00.01:665][  0]LogTemp: Display: Loaded TP MacClientTargetPlatform
[2018.06.22-19.00.01:688][  0]LogTemp: Display: Loaded TP MacNoEditorTargetPlatform
[2018.06.22-19.00.01:713][  0]LogTemp: Display: Loaded TP MacServerTargetPlatform
[2018.06.22-19.00.01:737][  0]LogTemp: Display: Loaded TP MacTargetPlatform
[2018.06.22-19.00.01:759][  0]LogTemp: Display: Loaded TP WindowsClientTargetPlatform
[2018.06.22-19.00.01:782][  0]LogTemp: Display: Loaded TP WindowsNoEditorTargetPlatform
[2018.06.22-19.00.01:805][  0]LogTemp: Display: Loaded TP WindowsServerTargetPlatform
[2018.06.22-19.00.01:815][  0]LogTemp: Display: Loaded TP WindowsTargetPlatform
[2018.06.22-19.00.01:836][  0]LogTemp: Display: Loaded TP Android_ASTCTargetPlatform
[2018.06.22-19.00.01:856][  0]LogTemp: Display: Loaded TP Android_ATCTargetPlatform
[2018.06.22-19.00.01:876][  0]LogTemp: Display: Loaded TP Android_DXTTargetPlatform
[2018.06.22-19.00.01:897][  0]LogTemp: Display: Loaded TP Android_ETC1aTargetPlatform
[2018.06.22-19.00.01:917][  0]LogTemp: Display: Loaded TP Android_ETC1TargetPlatform
[2018.06.22-19.00.01:937][  0]LogTemp: Display: Loaded TP Android_ETC2TargetPlatform
[2018.06.22-19.00.01:977][  0]LogTemp: Display: Loaded TP Android_MultiTargetPlatform
[2018.06.22-19.00.01:977][  0]LogTemp: Display: Loaded TP Android_PVRTCTargetPlatform
[2018.06.22-19.00.01:998][  0]LogTemp: Display: Loaded TP AndroidTargetPlatform
[2018.06.22-19.00.01:999][  0]LogTemp: Display: Loaded TP HTML5TargetPlatform
[2018.06.22-19.00.02:044][  0]LogTemp: Display: Loaded TP IOSTargetPlatform
[2018.06.22-19.00.02:064][  0]LogTemp: Display: Loaded TP TVOSTargetPlatform
[2018.06.22-19.00.02:083][  0]LogTemp: Display: Loaded TP LinuxClientTargetPlatform
[2018.06.22-19.00.02:104][  0]LogTemp: Display: Loaded TP LinuxNoEditorTargetPlatform
[2018.06.22-19.00.02:124][  0]LogTemp: Display: Loaded TP LinuxServerTargetPlatform
[2018.06.22-19.00.02:145][  0]LogTemp: Display: Loaded TP LinuxTargetPlatform
[2018.06.22-19.00.02:145][  0]LogTargetPlatformManager: Display: Building Assets For Windows
[2018.06.22-19.00.02:301][  0]LogXGEController: Cannot use XGE Controller as Incredibuild is not installed on this machine.
[2018.06.22-19.00.02:301][  0]LogShaderCompilers: Cannot use XGE Shader Compiler as Incredibuild is not installed on this machine.
[2018.06.22-19.00.02:301][  0]LogShaderCompilers: Display: Using Local Shader Compiler.
[2018.06.22-19.00.03:455][  0]LogDerivedDataCache: Display: Max Cache Size: 512 MB
[2018.06.22-19.00.03:627][  0]LogDerivedDataCache: Loaded boot cache 0.17s 74MB C:/Users/seb/AppData/Local/UnrealEngine/4.19/DerivedDataCache/Boot.ddc.
[2018.06.22-19.00.03:627][  0]LogDerivedDataCache: Display: Loaded Boot cache: C:/Users/seb/AppData/Local/UnrealEngine/4.19/DerivedDataCache/Boot.ddc
[2018.06.22-19.00.03:627][  0]LogDerivedDataCache: FDerivedDataBackendGraph:  Pak pak cache file C:/Users/seb/Documents/GitHub/DrunkFighting/DerivedDataCache/DDC.ddp not found, will not use a pak cache.
[2018.06.22-19.00.03:627][  0]LogDerivedDataCache: Unable to find inner node Pak for hierarchical cache Hierarchy.
[2018.06.22-19.00.03:627][  0]LogDerivedDataCache: FDerivedDataBackendGraph:  CompressedPak pak cache file C:/Users/seb/Documents/GitHub/DrunkFighting/DerivedDataCache/Compressed.ddp not found, will not use a pak cache.
[2018.06.22-19.00.03:627][  0]LogDerivedDataCache: Unable to find inner node CompressedPak for hierarchical cache Hierarchy.
[2018.06.22-19.00.03:655][  0]LogDerivedDataCache: Display: Pak cache opened for reading ../../../Engine/DerivedDataCache/Compressed.ddp.
[2018.06.22-19.00.03:668][  0]LogDerivedDataCache: Using Local data cache path C:/Users/seb/AppData/Local/UnrealEngine/Common/DerivedDataCache: Writable
[2018.06.22-19.00.03:668][  0]LogDerivedDataCache: Shared data cache path not found in *engine.ini, will not use an Shared cache.
[2018.06.22-19.00.03:668][  0]LogDerivedDataCache: Unable to find inner node Shared for hierarchical cache Hierarchy.
[2018.06.22-19.00.03:690][  0]LogMaterial: Verifying Global Shaders for PCD3D_SM5
[2018.06.22-19.00.03:690][  0]LogSlate: Using Freetype 2.6.0
[2018.06.22-19.00.03:691][  0]LogSlate: SlateFontCache - WITH_FREETYPE: 1, WITH_HARFBUZZ: 1
[2018.06.22-19.00.03:691][  0]LogSlate: SlateFontCache - WITH_FREETYPE: 1, WITH_HARFBUZZ: 1
[2018.06.22-19.00.03:879][  0]LogAssetRegistry: FAssetRegistry took 0.0279 seconds to start up
[2018.06.22-19.00.04:419][  0]LogInit: Selected Device Profile: [Windows]
[2018.06.22-19.00.04:634][  0]LogSimplygon: Simplygon DLL not present - disabling.
[2018.06.22-19.00.04:637][  0]LogMeshReduction: Using SimplygonSwarm for distributed automatic mesh merging
[2018.06.22-19.00.04:637][  0]LogMeshReduction: Using QuadricMeshReduction for automatic static mesh reduction
[2018.06.22-19.00.04:637][  0]LogMeshReduction: No automatic skeletal mesh reduction module available
[2018.06.22-19.00.04:637][  0]LogMeshReduction: No automatic mesh merging module available
[2018.06.22-19.00.04:637][  0]LogMeshMerging: No automatic mesh merging module available
[2018.06.22-19.00.04:690][  0]LogNetVersion: DrunkFighting , NetCL: 3944462, EngineNetVer: 2, GameNetVer: 0 (Checksum: 958242841)
[2018.06.22-19.00.05:600][  0]LogPackageLocalizationCache: Processed 9 localized package path(s) for 1 prioritized culture(s) in 0.068611 seconds
[2018.06.22-19.00.05:615][  0]LogUObjectArray: 36728 objects as part of root set at end of initial load.
[2018.06.22-19.00.05:615][  0]LogUObjectAllocator: 7314304 out of 0 bytes used by permanent object pool.
[2018.06.22-19.00.05:615][  0]LogUObjectArray: CloseDisregardForGC: 0/0 objects in disregard for GC pool
[2018.06.22-19.00.08:159][  0]LogTcpMessaging: Initializing TcpMessaging bridge
[2018.06.22-19.00.08:199][  0]LogUdpMessaging: Initializing bridge on interface 0.0.0.0:0 to multicast group 230.0.0.1:6666.
[2018.06.22-19.00.08:735][  0]SourceControl: Source control is disabled
[2018.06.22-19.00.08:735][  0]SourceControl: Source control is disabled
[2018.06.22-19.00.08:764][  0]SourceControl: Source control is disabled
[2018.06.22-19.00.08:793][  0]SourceControl: Source control is disabled
[2018.06.22-19.00.09:518][  0]LogAndroidPermission: UAndroidPermissionCallbackProxy::GetInstance
[2018.06.22-19.00.09:908][  0]LogOcInput: OculusInput pre-init called
[2018.06.22-19.00.10:068][  0]LogEngine: Initializing Engine...
[2018.06.22-19.00.10:070][  0]LogHMD: Failed to initialize OpenVR with code 110
[2018.06.22-19.00.10:072][  0]LogStats: UGameplayTagsManager::ConstructGameplayTagTree: Construct from data asset -  0.000 s
[2018.06.22-19.00.10:072][  0]LogStats: UGameplayTagsManager::ConstructGameplayTagTree: GameplayTagTreeChangedEvent.Broadcast -  0.000 s
[2018.06.22-19.00.10:491][  0]LogAIModule: Creating AISystem for world Untitled
[2018.06.22-19.00.10:564][  0]LogInit: XAudio2 using 'Haut-parleurs (2- Razer Surround Audio Controller)' : 6 channels at 48 kHz using 16 bits per sample (channel mask 0x3f)
[2018.06.22-19.00.10:576][  0]LogInit: FAudioDevice initialized.
[2018.06.22-19.00.10:809][  0]LogDerivedDataCache: Saved boot cache 0.23s 74MB C:/Users/seb/AppData/Local/UnrealEngine/4.19/DerivedDataCache/Boot.ddc.
[2018.06.22-19.00.10:846][  0]LogInit: Texture streaming: Enabled
[2018.06.22-19.00.10:871][  0]LogEngineSessionManager: EngineSessionManager initialized
[2018.06.22-19.00.10:886][  0]LogInit: Transaction tracking system initialized
[2018.06.22-19.00.10:917][  0]BlueprintLog: New page: Editor Load
[2018.06.22-19.00.11:018][  0]LocalizationService: Localization service is disabled
[2018.06.22-19.00.11:181][  0]LogConsoleResponse: Display: 
[2018.06.22-19.00.11:430][  0]LogCook: Display: Max memory allowance for cook 16384mb min free memory 0mb
[2018.06.22-19.00.11:430][  0]LogCook: Display: Mobile HDR setting 1
[2018.06.22-19.00.11:430][  0]LogGameplayTags: Display: UGameplayTagsManager::DoneAddingNativeTags. DelegateIsBound: 0
[2018.06.22-19.00.11:430][  0]LogStats: UGameplayTagsManager::ConstructGameplayTagTree: Construct from data asset -  0.000 s
[2018.06.22-19.00.11:430][  0]LogStats: UGameplayTagsManager::ConstructGameplayTagTree: GameplayTagTreeChangedEvent.Broadcast -  0.000 s
[2018.06.22-19.00.12:026][  0]LogFileCache: Scanning file cache for directory 'C:/Users/seb/Documents/GitHub/DrunkFighting/Content/' took 0.01s
[2018.06.22-19.00.12:036][  0]SourceControl: Source control is disabled
[2018.06.22-19.00.12:036][  0]Cmd: MAP LOAD FILE="../../../Engine/Content/Maps/Templates/Template_Default.umap" TEMPLATE=1 SHOWPROGRESS=1 FEATURELEVEL=3
[2018.06.22-19.00.12:037][  0]LightingResults: New page: Lighting Build
[2018.06.22-19.00.12:040][  0]MapCheck: New page: Map Check
[2018.06.22-19.00.12:040][  0]LightingResults: New page: Lighting Build
[2018.06.22-19.00.12:314][  0]LogAIModule: Creating AISystem for world Untitled_1
[2018.06.22-19.00.12:323][  0]LogEditorServer: Finished looking for orphan Actors (0.000 secs)
[2018.06.22-19.00.12:345][  0]Cmd: MAP CHECKDEP NOCLEARLOG
[2018.06.22-19.00.12:419][  0]MapCheck: Map check complete: 0 Error(s), 0 Warning(s), took 74,138ms to complete.
[2018.06.22-19.00.12:419][  0]LogFileHelpers: Loading map 'Template_Default' took 0.383
[2018.06.22-19.00.12:588][  0]LogCollectionManager: Loaded 0 collections in 0.002838 seconds
[2018.06.22-19.00.12:632][  0]LogFileCache: Scanning file cache for directory 'C:/Users/seb/Documents/GitHub/DrunkFighting/Saved/Collections/' took 0.01s
[2018.06.22-19.00.12:632][  0]LogFileCache: Scanning file cache for directory 'C:/Users/seb/Documents/GitHub/DrunkFighting/Content/Developers/seb/Collections/' took 0.01s
[2018.06.22-19.00.12:632][  0]LogFileCache: Scanning file cache for directory 'C:/Users/seb/Documents/GitHub/DrunkFighting/Content/Collections/' took 0.01s
[2018.06.22-19.00.12:632][  0]LogCollectionManager: Rebuilt the GUID cache for 0 collections in 0.000000 seconds
[2018.06.22-19.00.12:648][  0]LogContentBrowser: Native class hierarchy populated in 0.0165 seconds. Added 2452 classes and 558 folders.
[2018.06.22-19.00.12:658][  0]LogContentBrowser: Native class hierarchy updated for 'WidgetCarousel' in 0.0003 seconds. Added 0 classes and 0 folders.
[2018.06.22-19.00.12:734][  0]LogContentBrowser: Native class hierarchy updated for 'AddContentDialog' in 0.0003 seconds. Added 0 classes and 0 folders.
[2018.06.22-19.00.12:741][  0]LogContentBrowser: Native class hierarchy updated for 'SceneOutliner' in 0.0004 seconds. Added 1 classes and 2 folders.
[2018.06.22-19.00.12:766][  0]LogSlate: Took 0.000420 seconds to synchronously load lazily loaded font '../../../Engine/Content/Slate/Fonts/Roboto-Regular.ttf' (155K)
[2018.06.22-19.00.12:776][  0]LogSlate: Took 0.000338 seconds to synchronously load lazily loaded font '../../../Engine/Content/Slate/Fonts/Roboto-Bold.ttf' (160K)
[2018.06.22-19.00.12:787][  0]LogSlate: Took 0.000407 seconds to synchronously load lazily loaded font '../../../Engine/Content/Editor/Slate/Fonts/FontAwesome.ttf' (139K)
[2018.06.22-19.00.12:939][  0]LogRenderer: Reallocating scene render targets to support 960x644 Format 10 NumSamples 1 (Frame:1).
[2018.06.22-19.00.13:186][  0]LogContentBrowser: Native class hierarchy updated for 'HierarchicalLODOutliner' in 0.0003 seconds. Added 0 classes and 0 folders.
[2018.06.22-19.00.13:186][  0]LogLoad: (Engine Initialization) Total time: 18.39 seconds
[2018.06.22-19.00.13:186][  0]LogLoad: (Engine Initialization) Total Blueprint compile time: 0.00 seconds
[2018.06.22-19.00.13:547][  0]LogContentStreaming: Texture pool size now 1000 MB
[2018.06.22-19.00.14:207][  2]LogAssetRegistry: Asset discovery search completed in 10.3489 seconds
[2018.06.22-19.00.14:209][  2]LogCollectionManager: Rebuilt the object cache for 0 collections in 0.000000 seconds (found 0 objects)
[2018.06.22-19.00.14:209][  2]LogCollectionManager: Fixed up redirectors for 0 collections in 0.000058 seconds (updated 0 objects)
[2018.06.22-19.00.17:592][283]LogSlate: Took 0.000244 seconds to synchronously load lazily loaded font '../../../Engine/Content/Slate/Fonts/Roboto-Light.ttf' (167K)
[2018.06.22-19.00.27:301][437]LogSlate: FSceneViewport::OnFocusLost() reason 0
[2018.06.22-19.00.35:808][412]LogSlate: FSceneViewport::OnFocusLost() reason 0
[2018.06.22-19.00.35:908][424]LogTemp: Repeating last play command: New Editor Window (PIE)
[2018.06.22-19.00.35:935][424]LogPlayLevel: PlayLevel: No blueprints needed recompiling
[2018.06.22-19.00.35:936][424]PIE: New page: PIE session: Untitled_1 (22 juin 2018 23:00:35)
[2018.06.22-19.00.35:942][424]LogPlayLevel: Creating play world package: /Temp/UEDPIE_1_Untitled_1
[2018.06.22-19.00.35:947][424]LogPlayLevel: PIE: StaticDuplicateObject took: (0.004979s)
[2018.06.22-19.00.35:948][424]LogAIModule: Creating AISystem for world Untitled_1
[2018.06.22-19.00.35:948][424]LogPlayLevel: PIE: World Init took: (0.000965s)
[2018.06.22-19.00.35:948][424]LogPlayLevel: PIE: Created PIE world by copying editor world from /Temp/Untitled_1.Untitled_1 to /Temp/UEDPIE_1_Untitled_1.Untitled_1 (0.006255s)
[2018.06.22-19.00.36:062][424]LogUObjectGlobals: Created PersistentFrame Addr=0x0000000039717f80, Size=32, Default__BP_PersonnageTest_C Function /Game/Personnage/BP_PersonnageTest.BP_PersonnageTest_C:ExecuteUbergraph_BP_PersonnageTest
[2018.06.22-19.00.36:067][424]LogUObjectGlobals: Destroyed PersistentFrame Addr=0x0000000039717f80, Size=32
[2018.06.22-19.00.36:067][424]LogUObjectGlobals: Created PersistentFrame Addr=0x0000000039717f80, Size=32, Default__BP_PersonnageTest_C Function /Engine/Transient.REINST_BP_PersonnageTest_C_7:ExecuteUbergraph_BP_PersonnageTest
[2018.06.22-19.00.36:101][424]LogUObjectGlobals: Created PersistentFrame Addr=0x0000000039716700, Size=32, Default__BP_PersonnageTest_C Function /Game/Personnage/BP_PersonnageTest.BP_PersonnageTest_C:ExecuteUbergraph_BP_PersonnageTest
[2018.06.22-19.00.36:120][424]LogUObjectGlobals: Created PersistentFrame Addr=0x0000000049773cb8, Size=4, Default__BP_gameMode_C Function /Game/Personnage/BP_gameMode.BP_gameMode_C:ExecuteUbergraph_BP_gameMode
[2018.06.22-19.00.36:135][424]LogUObjectGlobals: Destroyed PersistentFrame Addr=0x0000000049773cb8, Size=4
[2018.06.22-19.00.36:135][424]LogUObjectGlobals: Created PersistentFrame Addr=0x0000000049773cb8, Size=4, Default__BP_gameMode_C Function /Engine/Transient.REINST_BP_gameMode_C_9:ExecuteUbergraph_BP_gameMode
[2018.06.22-19.00.36:141][424]LogUObjectGlobals: Created PersistentFrame Addr=0x0000000049773968, Size=4, Default__BP_gameMode_C Function /Game/Personnage/BP_gameMode.BP_gameMode_C:ExecuteUbergraph_BP_gameMode
[2018.06.22-19.00.36:198][424]LogLoad: Game class is 'BP_gameMode_C'
[2018.06.22-19.00.36:251][424]LogWorld: Bringing World /Temp/UEDPIE_1_Untitled_1.Untitled_1 up for play (max tick rate 0) at 2018.06.22-21.00.36
[2018.06.22-19.00.36:251][424]LogWorld: Bringing up level for play took: 0.015105
[2018.06.22-19.00.36:263][424]LogTemp: Display: ParseSettings for GameNetDriver
[2018.06.22-19.00.36:278][424]LogTemp: Display: ParseSettings for IpNetDriver_0
[2018.06.22-19.00.36:278][424]LogTemp: Display: ParseSettings for GameNetDriver
[2018.06.22-19.00.36:279][424]LogInit: WinSock: Socket queue 131072 / 131072
[2018.06.22-19.00.36:280][424]PacketHandlerLog: Loaded PacketHandler component: Engine.EngineHandlerComponentFactory (StatelessConnectHandlerComponent)
[2018.06.22-19.00.36:296][424]LogNet: GameNetDriver IpNetDriver_0 IpNetDriver listening on port 17777
[2018.06.22-19.00.36:296][424]LogGameMode: Display: Match State Changed from EnteringMap to WaitingToStart
[2018.06.22-19.00.36:334][424]LogGameState: Match State Changed from EnteringMap to WaitingToStart
[2018.06.22-19.00.36:334][424]PIE: Play in editor start time for /Temp/UEDPIE_1_Untitled_1 0,278
[2018.06.22-19.00.36:353][424]PIE: New page: PIE session: Untitled_1 (22 juin 2018 23:00:36)
[2018.06.22-19.00.36:396][424]LogInit: XAudio2 using 'Haut-parleurs (2- Razer Surround Audio Controller)' : 6 channels at 48 kHz using 16 bits per sample (channel mask 0x3f)
[2018.06.22-19.00.36:405][424]LogInit: FAudioDevice initialized.
[2018.06.22-19.00.36:457][424]LogNet: Browse: 127.0.0.1:17777//Engine/Maps/Entry
[2018.06.22-19.00.36:458][424]LogTemp: Display: ParseSettings for GameNetDriver
[2018.06.22-19.00.36:458][424]LogTemp: Display: ParseSettings for IpNetDriver_1
[2018.06.22-19.00.36:458][424]LogTemp: Display: ParseSettings for PendingNetDriver
[2018.06.22-19.00.36:458][424]LogInit: WinSock: Socket queue 32768 / 32768
[2018.06.22-19.00.36:459][424]PacketHandlerLog: Loaded PacketHandler component: Engine.EngineHandlerComponentFactory (StatelessConnectHandlerComponent)
[2018.06.22-19.00.36:459][424]LogNet: Game client on port 17777, rate 10000
[2018.06.22-19.00.36:464][424]PIE: Play in editor start time for /Engine/Maps/Entry 0,408
[2018.06.22-19.00.36:471][424]LogNet: NotifyAcceptingConnection accepted from: 127.0.0.1:53121
[2018.06.22-19.00.36:472][424]LogHandshake: SendConnectChallenge. Timestamp: 0.008333, Cookie: 166010146253229215140009153087084107230225133048211145111102
[2018.06.22-19.00.36:497][424]LogHandshake: SendChallengeResponse. Timestamp: 0.008333, Cookie: 166010146253229215140009153087084107230225133048211145111102
[2018.06.22-19.00.37:089][425]LogStats: FPlatformStackWalk::StackWalkAndDump -  0.505 s
[2018.06.22-19.00.37:090][425]LogOutputDevice: Error: === Handled ensure: ===
[2018.06.22-19.00.37:090][425]LogOutputDevice: Error: 
[2018.06.22-19.00.37:090][425]LogOutputDevice: Error: Ensure condition failed: Cast<APawn>(NewUpdatedComponent->GetOwner()) [File:D:\Build\++UE4+Release-4.19+Compile\Sync\Engine\Source\Runtime\Engine\Private\Components\PawnMovementComponent.cpp] [Line: 16]
[2018.06.22-19.00.37:090][425]LogOutputDevice: Error: FloatingPawnMovement must update a component owned by a Pawn
[2018.06.22-19.00.37:090][425]LogOutputDevice: Error: Stack: 
[2018.06.22-19.00.37:090][425]LogOutputDevice: Error: [Callstack] 0x00000000DBCEB706 UE4Editor-Core.dll!UnknownFunction []
[2018.06.22-19.00.37:090][425]LogOutputDevice: Error: [Callstack] 0x00000000DBA4AE3A UE4Editor-Core.dll!UnknownFunction []
[2018.06.22-19.00.37:090][425]LogOutputDevice: Error: [Callstack] 0x00000000DBA5ECD6 UE4Editor-Core.dll!UnknownFunction []
[2018.06.22-19.00.37:090][425]LogOutputDevice: Error: [Callstack] 0x00000000D8B890B0 UE4Editor-Engine.dll!UnknownFunction []
[2018.06.22-19.00.37:090][425]LogOutputDevice: Error: [Callstack] 0x00000000D8B70A22 UE4Editor-Engine.dll!UnknownFunction []
[2018.06.22-19.00.37:090][425]LogOutputDevice: Error: [Callstack] 0x00000000D869F3C0 UE4Editor-Engine.dll!UnknownFunction []
[2018.06.22-19.00.37:090][425]LogOutputDevice: Error: [Callstack] 0x00000000D86A7C6A UE4Editor-Engine.dll!UnknownFunction []
[2018.06.22-19.00.37:090][425]LogOutputDevice: Error: [Callstack] 0x00000000D868484A UE4Editor-Engine.dll!UnknownFunction []
[2018.06.22-19.00.37:090][425]LogOutputDevice: Error: [Callstack] 0x00000000D86AC349 UE4Editor-Engine.dll!UnknownFunction []
[2018.06.22-19.00.37:090][425]LogOutputDevice: Error: [Callstack] 0x00000000D90133D4 UE4Editor-Engine.dll!UnknownFunction []
[2018.06.22-19.00.37:091][425]LogOutputDevice: Error: [Callstack] 0x00000000D90137E7 UE4Editor-Engine.dll!UnknownFunction []
[2018.06.22-19.00.37:091][425]LogOutputDevice: Error: [Callstack] 0x00000000D4D9BFB5 UE4Editor-UnrealEd.dll!UnknownFunction []
[2018.06.22-19.00.37:091][425]LogOutputDevice: Error: [Callstack] 0x00000000D55A607E UE4Editor-UnrealEd.dll!UnknownFunction []
[2018.06.22-19.00.37:091][425]LogOutputDevice: Error: [Callstack] 0x00000000D553DC02 UE4Editor-UnrealEd.dll!UnknownFunction []
[2018.06.22-19.00.37:091][425]LogOutputDevice: Error: [Callstack] 0x00000000D521A184 UE4Editor-UnrealEd.dll!UnknownFunction []
[2018.06.22-19.00.37:091][425]LogOutputDevice: Error: [Callstack] 0x00000000D4A27AE2 UE4Editor-UnrealEd.dll!UnknownFunction []
[2018.06.22-19.00.37:091][425]LogOutputDevice: Error: [Callstack] 0x00000000D495E728 UE4Editor-UnrealEd.dll!UnknownFunction []
[2018.06.22-19.00.37:091][425]LogOutputDevice: Error: [Callstack] 0x00000000D4D0C1DF UE4Editor-UnrealEd.dll!UnknownFunction []
[2018.06.22-19.00.37:091][425]LogOutputDevice: Error: [Callstack] 0x00000000D55A9626 UE4Editor-UnrealEd.dll!UnknownFunction []
[2018.06.22-19.00.37:091][425]LogOutputDevice: Error: [Callstack] 0x000000003F6A5EAC UE4Editor.exe!UnknownFunction []
[2018.06.22-19.00.37:091][425]LogOutputDevice: Error: [Callstack] 0x000000003F6B6BD0 UE4Editor.exe!UnknownFunction []
[2018.06.22-19.00.37:091][425]LogOutputDevice: Error: [Callstack] 0x000000003F6B6C4A UE4Editor.exe!UnknownFunction []
[2018.06.22-19.00.37:091][425]LogOutputDevice: Error: [Callstack] 0x000000003F6C4177 UE4Editor.exe!UnknownFunction []
[2018.06.22-19.00.37:091][425]LogOutputDevice: Error: [Callstack] 0x000000003F6C5B87 UE4Editor.exe!UnknownFunction []
[2018.06.22-19.00.37:091][425]LogOutputDevice: Error: [Callstack] 0x0000000077A759CD kernel32.dll!UnknownFunction []
[2018.06.22-19.00.37:091][425]LogOutputDevice: Error: [Callstack] 0x0000000077CD383D ntdll.dll!UnknownFunction []
[2018.06.22-19.00.37:091][425]LogOutputDevice: Error: 
[2018.06.22-19.00.37:093][425]LogStats:                SubmitErrorReport -  0.000 s
[2018.06.22-19.00.38:153][425]LogStats:                    SendNewReport -  1.060 s
[2018.06.22-19.00.38:153][425]LogStats:             FDebug::EnsureFailed -  1.574 s
[2018.06.22-19.00.38:157][425]LogNet: NotifyAcceptingConnection accepted from: 127.0.0.1:53121
[2018.06.22-19.00.38:157][425]LogHandshake: SendChallengeAck. InCookie: 166010146253229215140009153087084107230225133048211145111102
[2018.06.22-19.00.38:157][425]LogNet: Server accepting post-challenge connection from: 127.0.0.1:53121
[2018.06.22-19.00.38:158][425]PacketHandlerLog: Loaded PacketHandler component: Engine.EngineHandlerComponentFactory (StatelessConnectHandlerComponent)
[2018.06.22-19.00.38:158][425]LogNet: NotifyAcceptedConnection: Name: Untitled_1, TimeStamp: 06/22/18 21:00:38, [UNetConnection] RemoteAddr: 127.0.0.1:53121, Name: IpConnection_1, Driver: GameNetDriver IpNetDriver_0, IsServer: YES, PC: NULL, Owner: NULL, UniqueId: INVALID
[2018.06.22-19.00.38:158][425]LogNet: AddClientConnection: Added client connection: [UNetConnection] RemoteAddr: 127.0.0.1:53121, Name: IpConnection_1, Driver: GameNetDriver IpNetDriver_0, IsServer: YES, PC: NULL, Owner: NULL, UniqueId: INVALID
[2018.06.22-19.00.38:160][425]LogNetVersion: DrunkFighting 1.0.0.0, NetCL: 3944462, EngineNetVer: 2, GameNetVer: 0 (Checksum: 4008793100)
[2018.06.22-19.00.38:177][425]LogNet: UPendingNetGame::SendInitialJoin: Sending hello. [UNetConnection] RemoteAddr: 127.0.0.1:17777, Name: IpConnection_0, Driver: PendingNetDriver IpNetDriver_1, IsServer: NO, PC: NULL, Owner: NULL, UniqueId: INVALID
[2018.06.22-19.00.38:297][426]LogNet: NotifyAcceptingChannel Control 0 server World /Temp/UEDPIE_1_Untitled_1.Untitled_1: Accepted
[2018.06.22-19.00.38:298][426]LogNet: Remote platform little endian=1
[2018.06.22-19.00.38:298][426]LogNet: This platform little endian=1
[2018.06.22-19.00.38:327][427]LogNet: Login request: /Engine/Maps/Entry userId: Invalid
[2018.06.22-19.00.38:329][427]LogNet: Welcomed by server (Level: /Temp/UEDPIE_1_Untitled_1, Game: /Game/Personnage/BP_gameMode.BP_gameMode_C)
[2018.06.22-19.00.38:334][427]LogLoad: LoadMap: 127.0.0.1:17777//Temp/UEDPIE_1_Untitled_1?game=/Game/Personnage/BP_gameMode.BP_gameMode_C
[2018.06.22-19.00.38:358][427]LogUObjectGlobals: Destroyed PersistentFrame Addr=0x0000000039717f80, Size=32
[2018.06.22-19.00.38:358][427]LogUObjectGlobals: Destroyed PersistentFrame Addr=0x0000000049773cb8, Size=4
[2018.06.22-19.00.38:363][427]LogAIModule: Creating AISystem for world Untitled_1
[2018.06.22-19.00.38:364][427]LogTemp: Display: ParseSettings for GameNetDriver
[2018.06.22-19.00.38:365][427]LogWorld: Bringing World /Temp/UEDPIE_2_Untitled_1.Untitled_1 up for play (max tick rate 0) at 2018.06.22-21.00.38
[2018.06.22-19.00.38:365][427]LogWorld: Bringing up level for play took: 0.000765
[2018.06.22-19.00.38:365][427]LogLoad: Took 0.031642 seconds to LoadMap(/Temp/UEDPIE_1_Untitled_1)
[2018.06.22-19.00.38:442][428]LogRenderer: Reallocating scene render targets to support 1440x900 Format 10 NumSamples 1 (Frame:1).
[2018.06.22-19.00.38:502][428]LogNet: Client netspeed is 10000
[2018.06.22-19.00.38:502][428]LogNet: Join request: /Engine/Maps/Entry?SplitscreenCount=1
[2018.06.22-19.00.38:530][428]LogGameMode: Display: Match State Changed from WaitingToStart to InProgress
[2018.06.22-19.00.38:531][428]LogGameState: Match State Changed from WaitingToStart to InProgress
[2018.06.22-19.00.38:531][428]LogNet: Join succeeded: 256
[2018.06.22-19.00.44:148][ 39]LogSlate: Window 'DrunkFighting Game Preview Client 1 (64-bit/PCD3D_SM5)' being destroyed
[2018.06.22-19.00.44:201][ 39]LogNet: UChannel::CleanUp: ChIndex == 0. Closing connection. [UChannel] ChIndex: 0, Closing: 0 [UNetConnection] RemoteAddr: 127.0.0.1:17777, Name: None, Driver: GameNetDriver None, IsServer: NO, PC: None, Owner: None, UniqueId: INVALID
[2018.06.22-19.00.44:201][ 39]LogNet: UNetConnection::Close: [UNetConnection] RemoteAddr: 127.0.0.1:17777, Name: None, Driver: GameNetDriver None, IsServer: NO, PC: None, Owner: None, UniqueId: INVALID, Channels: 1, Time: 2018.06.22-19.00.44
[2018.06.22-19.00.44:201][ 39]LogNet: UChannel::Close: Sending CloseBunch. ChIndex == 0. Name: [UChannel] ChIndex: 0, Closing: 0 [UNetConnection] RemoteAddr: 127.0.0.1:17777, Name: None, Driver: GameNetDriver None, IsServer: NO, PC: None, Owner: None, UniqueId: INVALID
[2018.06.22-19.00.44:201][ 39]LogNet: UChannel::CleanUp: ChIndex == 0. Closing connection. [UChannel] ChIndex: 0, Closing: 0 [UNetConnection] RemoteAddr: 127.0.0.1:53121, Name: None, Driver: GameNetDriver None, IsServer: YES, PC: None, Owner: None, UniqueId: INVALID
[2018.06.22-19.00.44:201][ 39]LogNet: UNetConnection::Close: [UNetConnection] RemoteAddr: 127.0.0.1:53121, Name: None, Driver: GameNetDriver None, IsServer: YES, PC: None, Owner: None, UniqueId: INVALID, Channels: 1, Time: 2018.06.22-19.00.44
[2018.06.22-19.00.44:201][ 39]LogNet: UChannel::Close: Sending CloseBunch. ChIndex == 0. Name: [UChannel] ChIndex: 0, Closing: 0 [UNetConnection] RemoteAddr: 127.0.0.1:53121, Name: None, Driver: GameNetDriver None, IsServer: YES, PC: None, Owner: None, UniqueId: INVALID
[2018.06.22-19.00.44:202][ 39]LogExit: GameNetDriver None shut down
[2018.06.22-19.00.44:203][ 39]LogExit: GameNetDriver None shut down
[2018.06.22-19.00.46:134][232]LogSlate: Took 0.000453 seconds to synchronously load lazily loaded font '../../../Engine/Content/Slate/Fonts/Roboto-Light.ttf' (167K)
[2018.06.22-19.00.46:906][232]LogContentBrowser: Native class hierarchy updated for 'BlueprintGraph' in 0.0013 seconds. Added 116 classes and 0 folders.
[2018.06.22-19.00.47:617][232]LogUObjectGlobals: Created PersistentFrame Addr=0x000000007100cbe0, Size=4, Default__SKEL_PROTO_BP_AnimBlueprint_0_C Function /Engine/Transient.SKEL_PROTO_BP_AnimBlueprint_0_C:ExecuteUbergraph_PROTO_BP_AnimBlueprint_0
[2018.06.22-19.00.47:626][232]LogUObjectGlobals: Created PersistentFrame Addr=0x000000007100cbd8, Size=4, Default__PROTO_BP_AnimBlueprint_0_C Function /Engine/Transient.PROTO_BP_AnimBlueprint_0_C:ExecuteUbergraph_PROTO_BP_AnimBlueprint_0
[2018.06.22-19.00.48:955][232]LogSlate: Took 0.017779 seconds to synchronously load lazily loaded font '../../../Engine/Content/Slate/Fonts/Roboto-BoldCondensed.ttf' (158K)
[2018.06.22-19.00.57:269][127]LogSlate: Took 0.024449 seconds to synchronously load lazily loaded font '../../../Engine/Content/Slate/Fonts/Roboto-Italic.ttf' (157K)
[2018.06.22-19.01.10:751][625]LogSlate: Window 'DrunkFighting - Unreal Editor' being destroyed
[2018.06.22-19.01.11:013][626]Cmd: QUIT_EDITOR
[2018.06.22-19.01.12:104][626]LogSlate: Slate User Destroyed.  User Index 0, Is Virtual User: 0
[2018.06.22-19.01.12:105][626]LogExit: Preparing to exit.
[2018.06.22-19.01.12:726][626]LogExit: Editor shut down
[2018.06.22-19.01.12:744][626]LogExit: Transaction tracking system shut down
[2018.06.22-19.01.12:746][626]LogUObjectGlobals: Destroyed PersistentFrame Addr=0x0000000039716700, Size=32
[2018.06.22-19.01.12:746][626]LogUObjectGlobals: Destroyed PersistentFrame Addr=0x0000000049773968, Size=4
[2018.06.22-19.01.12:750][626]LogUObjectGlobals: Destroyed PersistentFrame Addr=0x000000007100cbe0, Size=4
[2018.06.22-19.01.12:750][626]LogUObjectGlobals: Destroyed PersistentFrame Addr=0x000000007100cbd8, Size=4
[2018.06.22-19.01.12:866][626]LogDirectoryWatcher: A directory notification for '../../../Engine/Content/' was aborted.
[2018.06.22-19.01.12:866][626]LogDirectoryWatcher: A directory notification for 'C:/Users/seb/Documents/GitHub/DrunkFighting/Content/' was aborted.
[2018.06.22-19.01.12:866][626]LogDirectoryWatcher: A directory notification for '../../Plugins/2D/Paper2D/Content/' was aborted.
[2018.06.22-19.01.12:866][626]LogDirectoryWatcher: A directory notification for '../../Plugins/Enterprise/DatasmithContent/Content/' was aborted.
[2018.06.22-19.01.12:866][626]LogDirectoryWatcher: A directory notification for '../../Plugins/Media/MediaCompositing/Content/' was aborted.
[2018.06.22-19.01.12:866][626]LogDirectoryWatcher: A directory notification for '../../Plugins/Runtime/AppleARKit/Content/' was aborted.
[2018.06.22-19.01.12:866][626]LogDirectoryWatcher: A directory notification for '../../Plugins/Runtime/Oculus/OculusVR/Content/' was aborted.
[2018.06.22-19.01.12:867][626]LogDirectoryWatcher: A directory notification for '../../Plugins/Runtime/Steam/SteamVR/Content/' was aborted.
[2018.06.22-19.01.13:059][626]LogExit: Object subsystem successfully closed.
[2018.06.22-19.01.13:073][626]LogShaderCompilers: Display: Shaders left to compile 0
[2018.06.22-19.01.13:078][626]LogD3D11RHI: Shutdown
[2018.06.22-19.01.13:078][626]LogD3D11RHI: CleanupD3DDevice
[2018.06.22-19.01.13:081][626]LogD3D11RHI: ~FD3D11DynamicRHI
[2018.06.22-19.01.13:097][626]LogModuleManager: Shutting down and abandoning module BlueprintGraph (580)
[2018.06.22-19.01.13:097][626]LogModuleManager: Shutting down and abandoning module HierarchicalLODOutliner (576)
[2018.06.22-19.01.13:097][626]LogModuleManager: Shutting down and abandoning module SceneOutliner (574)
[2018.06.22-19.01.13:097][626]LogModuleManager: Shutting down and abandoning module AddContentDialog (572)
[2018.06.22-19.01.13:097][626]LogDirectoryWatcher: A directory notification for 'F:/jeux/fortnite/UE_4.19/FeaturePacks/' was aborted.
[2018.06.22-19.01.13:099][626]LogModuleManager: Shutting down and abandoning module WidgetCarousel (571)
[2018.06.22-19.01.13:099][626]LogModuleManager: Shutting down and abandoning module EditorWidgets (568)
[2018.06.22-19.01.13:099][626]LogModuleManager: Shutting down and abandoning module CollectionManager (566)
[2018.06.22-19.01.13:099][626]LogDirectoryWatcher: A directory notification for 'C:/Users/seb/Documents/GitHub/DrunkFighting/Content/Collections/' was aborted.
[2018.06.22-19.01.13:099][626]LogDirectoryWatcher: A directory notification for 'C:/Users/seb/Documents/GitHub/DrunkFighting/Content/Developers/seb/Collections/' was aborted.
[2018.06.22-19.01.13:099][626]LogDirectoryWatcher: A directory notification for 'C:/Users/seb/Documents/GitHub/DrunkFighting/Saved/Collections/' was aborted.
[2018.06.22-19.01.13:100][626]LogModuleManager: Shutting down and abandoning module HierarchicalLODUtilities (564)
[2018.06.22-19.01.13:100][626]LogModuleManager: Shutting down and abandoning module StatsViewer (562)
[2018.06.22-19.01.13:100][626]LogModuleManager: Shutting down and abandoning module FoliageEdit (560)
[2018.06.22-19.01.13:100][626]LogModuleManager: Shutting down and abandoning module LandscapeEditor (558)
[2018.06.22-19.01.13:100][626]LogModuleManager: Shutting down and abandoning module MeshPaintMode (556)
[2018.06.22-19.01.13:100][626]LogModuleManager: Shutting down and abandoning module SceneDepthPickerMode (554)
[2018.06.22-19.01.13:100][626]LogModuleManager: Shutting down and abandoning module ActorPickerMode (552)
[2018.06.22-19.01.13:100][626]LogModuleManager: Shutting down and abandoning module GeometryMode (550)
[2018.06.22-19.01.13:100][626]LogModuleManager: Shutting down and abandoning module TextureAlignMode (548)
[2018.06.22-19.01.13:100][626]LogModuleManager: Shutting down and abandoning module BspMode (546)
[2018.06.22-19.01.13:100][626]LogModuleManager: Shutting down and abandoning module PIEPreviewDeviceProfileSelector (544)
[2018.06.22-19.01.13:100][626]LogModuleManager: Shutting down and abandoning module HardwareSurvey (542)
[2018.06.22-19.01.13:100][626]LogModuleManager: Shutting down and abandoning module SequenceRecorderSections (540)
[2018.06.22-19.01.13:100][626]LogModuleManager: Shutting down and abandoning module AutomationWorker (538)
[2018.06.22-19.01.13:100][626]LogModuleManager: Shutting down and abandoning module AudioCaptureEditor (536)
[2018.06.22-19.01.13:100][626]LogModuleManager: Shutting down and abandoning module SequenceRecorder (535)
[2018.06.22-19.01.13:100][626]LogModuleManager: Shutting down and abandoning module MatineeToLevelSequence (532)
[2018.06.22-19.01.13:100][626]LogModuleManager: Shutting down and abandoning module LevelSequenceEditor (530)
[2018.06.22-19.01.13:100][626]LogModuleManager: Shutting down and abandoning module PlacementMode (529)
[2018.06.22-19.01.13:100][626]LogModuleManager: Shutting down and abandoning module MaterialEditor (528)
[2018.06.22-19.01.13:100][626]LogModuleManager: Shutting down and abandoning module WmfMediaFactory (524)
[2018.06.22-19.01.13:100][626]LogModuleManager: Shutting down and abandoning module WmfMediaEditor (522)
[2018.06.22-19.01.13:101][626]LogModuleManager: Shutting down and abandoning module MediaPlayerEditor (520)
[2018.06.22-19.01.13:101][626]LogModuleManager: Shutting down and abandoning module OpenExrWrapper (518)
[2018.06.22-19.01.13:101][626]LogModuleManager: Shutting down and abandoning module ImgMediaFactory (516)
[2018.06.22-19.01.13:101][626]LogModuleManager: Shutting down and abandoning module ImgMediaEditor (514)
[2018.06.22-19.01.13:101][626]LogModuleManager: Shutting down and abandoning module AvfMediaFactory (512)
[2018.06.22-19.01.13:101][626]LogModuleManager: Shutting down and abandoning module AvfMediaEditor (510)
[2018.06.22-19.01.13:101][626]LogModuleManager: Shutting down and abandoning module AndroidMediaFactory (508)
[2018.06.22-19.01.13:101][626]LogModuleManager: Shutting down and abandoning module AndroidMediaEditor (506)
[2018.06.22-19.01.13:101][626]LogModuleManager: Shutting down and abandoning module CharacterAI (504)
[2018.06.22-19.01.13:101][626]LogModuleManager: Shutting down and abandoning module SmartSnapping (502)
[2018.06.22-19.01.13:101][626]LogModuleManager: Shutting down and abandoning module SessionServices (500)
[2018.06.22-19.01.13:101][626]LogModuleManager: Shutting down and abandoning module ViewportSnapping (498)
[2018.06.22-19.01.13:101][626]LogModuleManager: Shutting down and abandoning module ViewportInteraction (496)
[2018.06.22-19.01.13:101][626]LogModuleManager: Shutting down and abandoning module ClothPainter (494)
[2018.06.22-19.01.13:101][626]LogModuleManager: Shutting down and abandoning module SkeletalMeshEditor (493)
[2018.06.22-19.01.13:101][626]LogModuleManager: Shutting down and abandoning module LogVisualizer (490)
[2018.06.22-19.01.13:101][626]LogModuleManager: Shutting down and abandoning module IntroTutorials (488)
[2018.06.22-19.01.13:102][626]LogModuleManager: Shutting down and abandoning module GameProjectGeneration (487)
[2018.06.22-19.01.13:102][626]LogModuleManager: Shutting down and abandoning module IOSPlatformEditor (484)
[2018.06.22-19.01.13:102][626]LogModuleManager: Shutting down and abandoning module HTML5PlatformEditor (482)
[2018.06.22-19.01.13:102][626]LogModuleManager: Shutting down and abandoning module AndroidPlatformEditor (480)
[2018.06.22-19.01.13:102][626]LogModuleManager: Shutting down and abandoning module AndroidDeviceDetection (479)
[2018.06.22-19.01.13:107][626]LogModuleManager: Shutting down and abandoning module WindowsPlatformEditor (476)
[2018.06.22-19.01.13:107][626]LogModuleManager: Shutting down and abandoning module IOSRuntimeSettings (474)
[2018.06.22-19.01.13:107][626]LogModuleManager: Shutting down and abandoning module AndroidRuntimeSettings (472)
[2018.06.22-19.01.13:107][626]LogModuleManager: Shutting down and abandoning module InputBindingEditor (470)
[2018.06.22-19.01.13:107][626]LogModuleManager: Shutting down and abandoning module MergeActors (468)
[2018.06.22-19.01.13:108][626]LogModuleManager: Shutting down and abandoning module LocalizationDashboard (466)
[2018.06.22-19.01.13:108][626]LogModuleManager: Shutting down and abandoning module LocalizationService (465)
[2018.06.22-19.01.13:108][626]LogModuleManager: Shutting down and abandoning module HardwareTargeting (462)
[2018.06.22-19.01.13:108][626]LogModuleManager: Shutting down and abandoning module DeviceProfileEditor (460)
[2018.06.22-19.01.13:108][626]LogModuleManager: Shutting down and abandoning module UndoHistory (458)
[2018.06.22-19.01.13:108][626]LogModuleManager: Shutting down and abandoning module XmlParser (456)
[2018.06.22-19.01.13:108][626]LogModuleManager: Shutting down and abandoning module Blutility (454)
[2018.06.22-19.01.13:108][626]LogModuleManager: Shutting down and abandoning module ProjectSettingsViewer (452)
[2018.06.22-19.01.13:108][626]LogModuleManager: Shutting down and abandoning module ProjectTargetPlatformEditor (451)
[2018.06.22-19.01.13:108][626]LogModuleManager: Shutting down and abandoning module EditorSettingsViewer (448)
[2018.06.22-19.01.13:108][626]LogModuleManager: Shutting down and abandoning module SettingsEditor (446)
[2018.06.22-19.01.13:108][626]LogModuleManager: Shutting down and abandoning module ProjectLauncher (444)
[2018.06.22-19.01.13:108][626]LogModuleManager: Shutting down and abandoning module SessionFrontend (442)
[2018.06.22-19.01.13:108][626]LogModuleManager: Shutting down and abandoning module ProfilerClient (440)
[2018.06.22-19.01.13:108][626]LogModuleManager: Shutting down and abandoning module DeviceManager (438)
[2018.06.22-19.01.13:108][626]LogModuleManager: Shutting down and abandoning module TargetDeviceServices (437)
[2018.06.22-19.01.13:148][626]LogModuleManager: Shutting down and abandoning module AutomationController (434)
[2018.06.22-19.01.13:148][626]LogModuleManager: Shutting down and abandoning module AutomationWindow (432)
[2018.06.22-19.01.13:148][626]LogModuleManager: Shutting down and abandoning module Layers (430)
[2018.06.22-19.01.13:148][626]LogModuleManager: Shutting down and abandoning module ComponentVisualizers (428)
[2018.06.22-19.01.13:148][626]LogModuleManager: Shutting down and abandoning module DetailCustomizations (426)
[2018.06.22-19.01.13:148][626]LogModuleManager: Shutting down and abandoning module PackagesDialog (424)
[2018.06.22-19.01.13:148][626]LogModuleManager: Shutting down and abandoning module Persona (422)
[2018.06.22-19.01.13:148][626]LogModuleManager: Shutting down and abandoning module AdvancedPreviewScene (421)
[2018.06.22-19.01.13:148][626]LogModuleManager: Shutting down and abandoning module AnimGraph (419)
[2018.06.22-19.01.13:148][626]LogModuleManager: Shutting down and abandoning module Kismet (416)
[2018.06.22-19.01.13:159][626]LogModuleManager: Shutting down and abandoning module GraphEditor (414)
[2018.06.22-19.01.13:159][626]LogModuleManager: Shutting down and abandoning module ClassViewer (412)
[2018.06.22-19.01.13:159][626]LogModuleManager: Shutting down and abandoning module Toolbox (410)
[2018.06.22-19.01.13:159][626]LogModuleManager: Shutting down and abandoning module ModuleUI (408)
[2018.06.22-19.01.13:159][626]LogModuleManager: Shutting down and abandoning module MovieSceneTools (406)
[2018.06.22-19.01.13:159][626]LogModuleManager: Shutting down and abandoning module OutputLog (404)
[2018.06.22-19.01.13:159][626]LogModuleManager: Shutting down and abandoning module GammaUI (402)
[2018.06.22-19.01.13:159][626]LogModuleManager: Shutting down and abandoning module Documentation (400)
[2018.06.22-19.01.13:159][626]LogModuleManager: Shutting down and abandoning module MovieSceneTracks (398)
[2018.06.22-19.01.13:159][626]LogModuleManager: Shutting down and abandoning module MovieScene (396)
[2018.06.22-19.01.13:159][626]LogModuleManager: Shutting down and abandoning module StreamingPauseRendering (394)
[2018.06.22-19.01.13:159][626]LogModuleManager: Shutting down and abandoning module LauncherPlatform (392)
[2018.06.22-19.01.13:159][626]LogModuleManager: Shutting down and abandoning module AnalyticsET (390)
[2018.06.22-19.01.13:159][626]LogModuleManager: Shutting down and abandoning module PortalServices (388)
[2018.06.22-19.01.13:159][626]LogModuleManager: Shutting down and abandoning module PortalRpc (386)
[2018.06.22-19.01.13:159][626]LogModuleManager: Shutting down and abandoning module MessagingRpc (384)
[2018.06.22-19.01.13:159][626]LogModuleManager: Shutting down and abandoning module AIModule (382)
[2018.06.22-19.01.13:160][626]LogModuleManager: Shutting down and abandoning module GameplayDebugger (381)
[2018.06.22-19.01.13:160][626]LogModuleManager: Shutting down and abandoning module AITestSuite (379)
[2018.06.22-19.01.13:160][626]LogModuleManager: Shutting down and abandoning module DesktopPlatform (376)
[2018.06.22-19.01.13:160][626]LogModuleManager: Shutting down and abandoning module ProfilerService (374)
[2018.06.22-19.01.13:376][626]LogModuleManager: Shutting down and abandoning module TaskGraph (372)
[2018.06.22-19.01.13:376][626]LogModuleManager: Shutting down and abandoning module SteamVRController (370)
[2018.06.22-19.01.13:376][626]LogModuleManager: Shutting down and abandoning module ProceduralMeshComponentEditor (368)
[2018.06.22-19.01.13:377][626]LogModuleManager: Shutting down and abandoning module ProceduralMeshComponent (366)
[2018.06.22-19.01.13:377][626]LogModuleManager: Shutting down and abandoning module OculusInput (364)
[2018.06.22-19.01.13:377][626]LogModuleManager: Shutting down and abandoning module MobilePatchingUtils (362)
[2018.06.22-19.01.13:377][626]LogModuleManager: Shutting down and abandoning module CustomMeshComponent (360)
[2018.06.22-19.01.13:377][626]LogModuleManager: Shutting down and abandoning module CableComponent (358)
[2018.06.22-19.01.13:377][626]LogModuleManager: Shutting down and abandoning module AudioCapture (356)
[2018.06.22-19.01.13:377][626]LogModuleManager: Shutting down and abandoning module ArchVisCharacter (354)
[2018.06.22-19.01.13:377][626]LogModuleManager: Shutting down and abandoning module AndroidPermission (352)
[2018.06.22-19.01.13:377][626]LogModuleManager: Shutting down and abandoning module NUTUnrealEngine4 (348)
[2018.06.22-19.01.13:377][626]LogModuleManager: Shutting down and abandoning module NetcodeUnitTest (346)
[2018.06.22-19.01.13:377][626]LogModuleManager: Shutting down and abandoning module MediaCompositingEditor (344)
[2018.06.22-19.01.13:377][626]LogModuleManager: Shutting down and abandoning module MediaCompositing (342)
[2018.06.22-19.01.13:377][626]LogModuleManager: Shutting down and abandoning module LinearTimecode (340)
[2018.06.22-19.01.13:377][626]LogModuleManager: Shutting down and abandoning module ImgMedia (338)
[2018.06.22-19.01.13:380][626]LogModuleManager: Shutting down and abandoning module HTML5Networking (336)
[2018.06.22-19.01.13:380][626]LogModuleManager: Shutting down and abandoning module AlembicImporter (334)
[2018.06.22-19.01.13:380][626]LogModuleManager: Shutting down and abandoning module AlembicLibrary (333)
[2018.06.22-19.01.13:380][626]LogModuleManager: Shutting down and abandoning module GeometryCache (332)
[2018.06.22-19.01.13:380][626]LogModuleManager: Shutting down and abandoning module GeometryCacheEd (331)
[2018.06.22-19.01.13:380][626]LogModuleManager: Shutting down and abandoning module DatasmithContent (326)
[2018.06.22-19.01.13:380][626]LogModuleManager: Shutting down and abandoning module SpeedTreeImporter (324)
[2018.06.22-19.01.13:380][626]LogModuleManager: Shutting down and abandoning module PluginBrowser (322)
[2018.06.22-19.01.13:381][626]LogModuleManager: Shutting down and abandoning module MobileLauncherProfileWizard (320)
[2018.06.22-19.01.13:381][626]LogModuleManager: Shutting down and abandoning module CryptoKeysOpenSSL (318)
[2018.06.22-19.01.13:381][626]LogModuleManager: Shutting down and abandoning module CryptoKeys (316)
[2018.06.22-19.01.13:381][626]LogModuleManager: Shutting down and abandoning module VisualStudioSourceCodeAccess (314)
[2018.06.22-19.01.13:381][626]LogModuleManager: Shutting down and abandoning module VisualStudioCodeSourceCodeAccess (312)
[2018.06.22-19.01.13:381][626]LogModuleManager: Shutting down and abandoning module UObjectPlugin (310)
[2018.06.22-19.01.13:381][626]LogModuleManager: Shutting down and abandoning module SubversionSourceControl (308)
[2018.06.22-19.01.13:381][626]LogModuleManager: Shutting down and abandoning module PerforceSourceControl (306)
[2018.06.22-19.01.13:381][626]LogModuleManager: Shutting down and abandoning module GitSourceControl (304)
[2018.06.22-19.01.13:381][626]LogModuleManager: Shutting down and abandoning module SourceControl (303)
[2018.06.22-19.01.13:381][626]LogModuleManager: Shutting down and abandoning module CLionSourceCodeAccess (300)
[2018.06.22-19.01.13:381][626]LogModuleManager: Shutting down and abandoning module LightPropagationVolumeEditor (298)
[2018.06.22-19.01.13:381][626]LogModuleManager: Shutting down and abandoning module PaperTiledImporter (296)
[2018.06.22-19.01.13:381][626]LogModuleManager: Shutting down and abandoning module PaperSpriteSheetImporter (294)
[2018.06.22-19.01.13:381][626]LogModuleManager: Shutting down and abandoning module Paper2DEditor (292)
[2018.06.22-19.01.13:381][626]LogModuleManager: Shutting down and abandoning module MeshPaint (291)
[2018.06.22-19.01.13:381][626]LogModuleManager: Shutting down and abandoning module RuntimePhysXCooking (288)
[2018.06.22-19.01.13:381][626]LogModuleManager: Shutting down and abandoning module PhysXVehiclesEditor (286)
[2018.06.22-19.01.13:381][626]LogModuleManager: Shutting down and abandoning module PhysXVehicles (284)
[2018.06.22-19.01.13:381][626]LogModuleManager: Shutting down and abandoning module OculusEditor (282)
[2018.06.22-19.01.13:381][626]LogModuleManager: Shutting down and abandoning module LocationServicesBPLibrary (280)
[2018.06.22-19.01.13:381][626]LogModuleManager: Shutting down and abandoning module ImmediatePhysicsEditor (278)
[2018.06.22-19.01.13:381][626]LogModuleManager: Shutting down and abandoning module ImmediatePhysics (276)
[2018.06.22-19.01.13:381][626]LogModuleManager: Shutting down and abandoning module ActorSequence (274)
[2018.06.22-19.01.13:381][626]LogModuleManager: Shutting down and abandoning module UdpMessaging (272)
[2018.06.22-19.01.13:481][626]LogModuleManager: Shutting down and abandoning module TcpMessaging (270)
[2018.06.22-19.01.13:603][626]LogModuleManager: Shutting down and abandoning module GameplayTagsEditor (268)
[2018.06.22-19.01.13:603][626]LogModuleManager: Shutting down and abandoning module FacialAnimationEditor (266)
[2018.06.22-19.01.13:603][626]LogModuleManager: Shutting down and abandoning module FacialAnimation (264)
[2018.06.22-19.01.13:603][626]LogModuleManager: Shutting down and abandoning module DataValidation (262)
[2018.06.22-19.01.13:603][626]LogModuleManager: Shutting down and abandoning module AssetManagerEditor (260)
[2018.06.22-19.01.13:604][626]LogModuleManager: Shutting down and abandoning module LevelEditor (259)
[2018.06.22-19.01.13:605][626]LogModuleManager: Shutting down and abandoning module PixelInspectorModule (258)
[2018.06.22-19.01.13:605][626]LogModuleManager: Shutting down and abandoning module CommonMenuExtensions (256)
[2018.06.22-19.01.13:605][626]LogModuleManager: Shutting down and abandoning module MainFrame (254)
[2018.06.22-19.01.13:605][626]LogModuleManager: Shutting down and abandoning module HotReload (253)
[2018.06.22-19.01.13:606][626]LogModuleManager: Shutting down and abandoning module ContentBrowser (249)
[2018.06.22-19.01.13:607][626]LogModuleManager: Shutting down and abandoning module TreeMap (247)
[2018.06.22-19.01.13:607][626]LogModuleManager: Shutting down and abandoning module LightPropagationVolumeRuntime (244)
[2018.06.22-19.01.13:607][626]LogModuleManager: Shutting down and abandoning module LiveLinkEditor (242)
[2018.06.22-19.01.13:607][626]LogModuleManager: Shutting down and abandoning module LiveLink (240)
[2018.06.22-19.01.13:710][626]LogModuleManager: Shutting down and abandoning module Paper2D (238)
[2018.06.22-19.01.13:710][626]LogModuleManager: Shutting down and abandoning module WindowsMoviePlayer (236)
[2018.06.22-19.01.13:710][626]LogModuleManager: Shutting down and abandoning module WmfMedia (234)
[2018.06.22-19.01.13:712][626]LogModuleManager: Shutting down and abandoning module Media (233)
[2018.06.22-19.01.13:717][626]LogModuleManager: Shutting down and abandoning module PacketHandler (230)
[2018.06.22-19.01.13:717][626]LogModuleManager: Shutting down and abandoning module ClothingSystemEditor (228)
[2018.06.22-19.01.13:717][626]LogModuleManager: Shutting down and abandoning module ClothingSystemRuntime (226)
[2018.06.22-19.01.13:717][626]LogModuleManager: Shutting down and abandoning module MediaAssets (224)
[2018.06.22-19.01.13:717][626]LogModuleManager: Shutting down and abandoning module Overlay (222)
[2018.06.22-19.01.13:717][626]LogModuleManager: Shutting down and abandoning module OverlayEditor (221)
[2018.06.22-19.01.13:718][626]LogModuleManager: Shutting down and abandoning module VREditor (218)
[2018.06.22-19.01.13:718][626]LogModuleManager: Shutting down and abandoning module StringTableEditor (216)
[2018.06.22-19.01.13:718][626]LogModuleManager: Shutting down and abandoning module GameplayTasksEditor (214)
[2018.06.22-19.01.13:718][626]LogModuleManager: Shutting down and abandoning module BehaviorTreeEditor (212)
[2018.06.22-19.01.13:718][626]LogModuleManager: Shutting down and abandoning module FunctionalTesting (210)
[2018.06.22-19.01.13:718][626]LogModuleManager: Shutting down and abandoning module CollisionAnalyzer (208)
[2018.06.22-19.01.13:718][626]LogModuleManager: Shutting down and abandoning module WorkspaceMenuStructure (207)
[2018.06.22-19.01.13:718][626]LogModuleManager: Shutting down and abandoning module UMG (204)
[2018.06.22-19.01.13:718][626]LogModuleManager: Shutting down and abandoning module UMGEditor (203)
[2018.06.22-19.01.13:718][626]LogModuleManager: Shutting down and abandoning module Sequencer (202)
[2018.06.22-19.01.13:718][626]LogModuleManager: Shutting down and abandoning module MessageLog (199)
[2018.06.22-19.01.13:718][626]LogModuleManager: Shutting down and abandoning module SlateReflector (194)
[2018.06.22-19.01.13:718][626]LogModuleManager: Shutting down and abandoning module Slate (192)
[2018.06.22-19.01.13:718][626]LogModuleManager: Shutting down and abandoning module EditorStyle (190)
[2018.06.22-19.01.13:721][626]LogModuleManager: Shutting down and abandoning module MRMesh (188)
[2018.06.22-19.01.13:721][626]LogModuleManager: Shutting down and abandoning module SourceCodeAccess (186)
[2018.06.22-19.01.13:721][626]LogModuleManager: Shutting down and abandoning module HeadMountedDisplay (184)
[2018.06.22-19.01.13:721][626]LogModuleManager: Shutting down and abandoning module XAudio2 (182)
[2018.06.22-19.01.13:721][626]LogModuleManager: Shutting down and abandoning module Networking (180)
[2018.06.22-19.01.13:721][626]LogModuleManager: Shutting down and abandoning module Core (178)
[2018.06.22-19.01.13:721][626]LogModuleManager: Shutting down and abandoning module LevelSequence (176)
[2018.06.22-19.01.13:721][626]LogModuleManager: Shutting down and abandoning module KismetCompiler (174)
[2018.06.22-19.01.13:721][626]LogModuleManager: Shutting down and abandoning module MeshUtilities (172)
[2018.06.22-19.01.13:721][626]LogModuleManager: Shutting down and abandoning module MeshMergeUtilities (171)
[2018.06.22-19.01.13:721][626]LogModuleManager: Shutting down and abandoning module MeshReductionInterface (170)
[2018.06.22-19.01.13:721][626]LogModuleManager: Shutting down and abandoning module SimplygonSwarm (169)
[2018.06.22-19.01.13:721][626]LogModuleManager: Shutting down and abandoning module SimplygonMeshReduction (167)
[2018.06.22-19.01.13:721][626]LogModuleManager: Shutting down and abandoning module QuadricMeshReduction (165)
[2018.06.22-19.01.13:721][626]LogModuleManager: Shutting down and abandoning module MaterialBaking (161)
[2018.06.22-19.01.13:721][626]LogModuleManager: Shutting down and abandoning module DirectoryWatcher (157)
[2018.06.22-19.01.13:723][626]LogModuleManager: Shutting down and abandoning module DerivedDataCache (154)
[2018.06.22-19.01.14:106][626]LogDerivedDataCache: Shutdown
[2018.06.22-19.01.14:107][626]LogModuleManager: Shutting down and abandoning module XGEController (152)
[2018.06.22-19.01.14:107][626]LogModuleManager: Shutting down and abandoning module TargetPlatform (150)
[2018.06.22-19.01.14:107][626]LogModuleManager: Shutting down and abandoning module VulkanShaderFormat (149)
[2018.06.22-19.01.14:107][626]LogModuleManager: Shutting down and abandoning module ShaderFormatVectorVM (147)
[2018.06.22-19.01.14:107][626]LogModuleManager: Shutting down and abandoning module ShaderFormatOpenGL (145)
[2018.06.22-19.01.14:107][626]LogModuleManager: Shutting down and abandoning module ShaderFormatD3D (143)
[2018.06.22-19.01.14:107][626]LogModuleManager: Shutting down and abandoning module MetalShaderFormat (141)
[2018.06.22-19.01.14:107][626]LogModuleManager: Shutting down and abandoning module TextureFormatUncompressed (139)
[2018.06.22-19.01.14:107][626]LogModuleManager: Shutting down and abandoning module TextureFormatPVR (137)
[2018.06.22-19.01.14:107][626]LogModuleManager: Shutting down and abandoning module TextureFormatDXT (135)
[2018.06.22-19.01.14:107][626]LogModuleManager: Shutting down and abandoning module TextureFormatIntelISPCTexComp (133)
[2018.06.22-19.01.14:107][626]LogModuleManager: Shutting down and abandoning module TextureFormatASTC (131)
[2018.06.22-19.01.14:107][626]LogModuleManager: Shutting down and abandoning module ImageWrapper (130)
[2018.06.22-19.01.14:107][626]LogModuleManager: Shutting down and abandoning module TextureFormatAndroid (127)
[2018.06.22-19.01.14:107][626]LogModuleManager: Shutting down and abandoning module AudioFormatOpus (125)
[2018.06.22-19.01.14:107][626]LogModuleManager: Shutting down and abandoning module AudioFormatOgg (123)
[2018.06.22-19.01.14:107][626]LogModuleManager: Shutting down and abandoning module AudioFormatADPCM (121)
[2018.06.22-19.01.14:107][626]LogModuleManager: Shutting down and abandoning module LinuxTargetPlatform (119)
[2018.06.22-19.01.14:107][626]LogModuleManager: Shutting down and abandoning module LinuxServerTargetPlatform (117)
[2018.06.22-19.01.14:107][626]LogModuleManager: Shutting down and abandoning module LinuxNoEditorTargetPlatform (115)
[2018.06.22-19.01.14:107][626]LogModuleManager: Shutting down and abandoning module LinuxClientTargetPlatform (113)
[2018.06.22-19.01.14:107][626]LogModuleManager: Shutting down and abandoning module TVOSTargetPlatform (111)
[2018.06.22-19.01.14:107][626]LogModuleManager: Shutting down and abandoning module Messaging (109)
[2018.06.22-19.01.14:107][626]LogModuleManager: Shutting down and abandoning module IOSTargetPlatform (107)
[2018.06.22-19.01.14:107][626]LogModuleManager: Shutting down and abandoning module HTML5TargetPlatform (105)
[2018.06.22-19.01.14:107][626]LogModuleManager: Shutting down and abandoning module AndroidTargetPlatform (103)
[2018.06.22-19.01.14:107][626]LogModuleManager: Shutting down and abandoning module Android_PVRTCTargetPlatform (101)
[2018.06.22-19.01.14:107][626]LogModuleManager: Shutting down and abandoning module Android_MultiTargetPlatform (99)
[2018.06.22-19.01.14:107][626]LogModuleManager: Shutting down and abandoning module Android_ETC2TargetPlatform (97)
[2018.06.22-19.01.14:107][626]LogModuleManager: Shutting down and abandoning module Android_ETC1TargetPlatform (95)
[2018.06.22-19.01.14:107][626]LogModuleManager: Shutting down and abandoning module Android_ETC1aTargetPlatform (93)
[2018.06.22-19.01.14:108][626]LogModuleManager: Shutting down and abandoning module Android_DXTTargetPlatform (91)
[2018.06.22-19.01.14:108][626]LogModuleManager: Shutting down and abandoning module Android_ATCTargetPlatform (89)
[2018.06.22-19.01.14:108][626]LogModuleManager: Shutting down and abandoning module Android_ASTCTargetPlatform (87)
[2018.06.22-19.01.14:108][626]LogModuleManager: Shutting down and abandoning module WindowsTargetPlatform (85)
[2018.06.22-19.01.14:108][626]LogModuleManager: Shutting down and abandoning module WindowsServerTargetPlatform (83)
[2018.06.22-19.01.14:108][626]LogModuleManager: Shutting down and abandoning module WindowsNoEditorTargetPlatform (81)
[2018.06.22-19.01.14:108][626]LogModuleManager: Shutting down and abandoning module WindowsClientTargetPlatform (79)
[2018.06.22-19.01.14:108][626]LogModuleManager: Shutting down and abandoning module MacTargetPlatform (77)
[2018.06.22-19.01.14:108][626]LogModuleManager: Shutting down and abandoning module MacServerTargetPlatform (75)
[2018.06.22-19.01.14:108][626]LogModuleManager: Shutting down and abandoning module MacNoEditorTargetPlatform (73)
[2018.06.22-19.01.14:108][626]LogModuleManager: Shutting down and abandoning module MacClientTargetPlatform (71)
[2018.06.22-19.01.14:108][626]LogModuleManager: Shutting down and abandoning module AllDesktopTargetPlatform (69)
[2018.06.22-19.01.14:108][626]LogModuleManager: Shutting down and abandoning module InputCore (66)
[2018.06.22-19.01.14:108][626]LogModuleManager: Shutting down and abandoning module Settings (64)
[2018.06.22-19.01.14:108][626]LogModuleManager: Shutting down and abandoning module PhysXCooking (62)
[2018.06.22-19.01.14:108][626]LogModuleManager: Shutting down and abandoning module SteamVR (60)
[2018.06.22-19.01.14:108][626]LogModuleManager: Shutting down and abandoning module OculusHMD (58)
[2018.06.22-19.01.14:108][626]LogModuleManager: Shutting down and abandoning module ExampleDeviceProfileSelector (56)
[2018.06.22-19.01.14:108][626]LogModuleManager: Shutting down and abandoning module AppleARKit (54)
[2018.06.22-19.01.14:108][626]LogModuleManager: Shutting down and abandoning module AugmentedReality (51)
[2018.06.22-19.01.14:108][626]LogModuleManager: Shutting down and abandoning module OnlineBlueprintSupport (48)
[2018.06.22-19.01.14:108][626]LogModuleManager: Shutting down and abandoning module OnlineSubsystem (44)
[2018.06.22-19.01.14:108][626]LogModuleManager: Shutting down and abandoning module XMPP (43)
[2018.06.22-19.01.14:108][626]LogModuleManager: Shutting down and abandoning module HTTP (41)
[2018.06.22-19.01.14:108][626]LogHttp: Display: Http module shutting down, but needs to wait on 1 outstanding Http requests:
[2018.06.22-19.01.14:108][626]LogHttp: Display: 	verb=[POST] url=[https://datarouter.ol.epicgames.com/datarouter/api/v1/public/data?SessionID=%7BBF91F580-40D5-7F91-A049-B896970DB34F%7D&AppID=UEEditor.Rocket.Release&AppVersion=4.19.2-4033788%2B%2B%2BUE4%2BRelease-4.19&UserID=2a5580454c7d69150b5cac903033e1e5%7Cd82ce76ccdc34f81ac19dae004c14ecf%7C4fabd4d4-0907-47f9-b55f-49589e714d8d&AppEnvironment=datacollector-binary&UploadType=eteventstream] status=Processing
[2018.06.22-19.01.14:115][626]LogModuleManager: Shutting down and abandoning module SSL (40)
[2018.06.22-19.01.14:116][626]LogModuleManager: Shutting down and abandoning module AnimationModifiers (36)
[2018.06.22-19.01.14:116][626]LogModuleManager: Shutting down and abandoning module PropertyEditor (35)
[2018.06.22-19.01.14:116][626]LogModuleManager: Shutting down and abandoning module AudioEditor (32)
[2018.06.22-19.01.14:116][626]LogModuleManager: Shutting down and abandoning module TextureCompressor (30)
[2018.06.22-19.01.14:116][626]LogModuleManager: Shutting down and abandoning module ShaderCore (28)
[2018.06.22-19.01.14:116][626]LogModuleManager: Shutting down and abandoning module Landscape (26)
[2018.06.22-19.01.14:116][626]LogModuleManager: Shutting down and abandoning module SlateRHIRenderer (24)
[2018.06.22-19.01.14:118][626]LogModuleManager: Shutting down and abandoning module OpenGLDrv (22)
[2018.06.22-19.01.14:118][626]LogModuleManager: Shutting down and abandoning module D3D11RHI (20)
[2018.06.22-19.01.14:118][626]LogModuleManager: Shutting down and abandoning module AnimGraphRuntime (18)
[2018.06.22-19.01.14:118][626]LogModuleManager: Shutting down and abandoning module Renderer (16)
[2018.06.22-19.01.14:118][626]LogModuleManager: Shutting down and abandoning module Engine (14)
[2018.06.22-19.01.14:118][626]LogModuleManager: Shutting down and abandoning module CoreUObject (12)
[2018.06.22-19.01.14:118][626]LogModuleManager: Shutting down and abandoning module NetworkFile (10)
[2018.06.22-19.01.14:118][626]LogModuleManager: Shutting down and abandoning module CookedIterativeFile (8)
[2018.06.22-19.01.14:118][626]LogModuleManager: Shutting down and abandoning module StreamingFile (6)
[2018.06.22-19.01.14:118][626]LogModuleManager: Shutting down and abandoning module SandboxFile (4)
[2018.06.22-19.01.14:118][626]LogModuleManager: Shutting down and abandoning module PakFile (2)
[2018.06.22-19.01.14:124][626]LogExit: Exiting.
[2018.06.22-19.01.14:141][626]Log file closed, 06/22/18 21:01:14
