Log file open, 07/02/18 18:18:41
LogWindows: Failed to load 'aqProf.dll' (GetLastError=126)
LogWindows: File 'aqProf.dll' does not exist
LogWindows: Failed to load 'VtuneApi.dll' (GetLastError=126)
LogWindows: File 'VtuneApi.dll' does not exist
LogWindows: Failed to load 'VtuneApi32e.dll' (GetLastError=126)
LogWindows: File 'VtuneApi32e.dll' does not exist
LogInit: Display: Running engine for game: DrunkFighting
LogPlatformFile: Not using cached read wrapper
LogInit: Display: RandInit(1726748747) SRandInit(1726748747).
LogInit: Read version file with build ID '3944462'
LogInit: Overriding engine version to CL 4033788, compatible CL 3944462
LogInit: Registered custom module enumerator with build ID '3944462'
LogTaskGraph: Started task graph with 5 named threads and 17 total threads with 3 sets of task threads.
LogStats: Stats thread started at 0.230590
LogD3D11RHI: Aftermath initialized
LogICUInternationalization: Display: ICU TimeZone Detection - Raw Offset: +1:00, Platform Override: ''
LogModuleManager: Display: Found up-to-date module file ../../../Engine/Plugins/2D/Paper2D/Binaries/Win64/UE4Editor-Paper2D.dll (API version 3944462).
LogModuleManager: Display: Found up-to-date module file ../../../Engine/Plugins/2D/Paper2D/Binaries/Win64/UE4Editor-Paper2DEditor.dll (API version 3944462).
LogModuleManager: Display: Found up-to-date module file ../../../Engine/Plugins/2D/Paper2D/Binaries/Win64/UE4Editor-PaperSpriteSheetImporter.dll (API version 3944462).
LogModuleManager: Display: Found up-to-date module file ../../../Engine/Plugins/2D/Paper2D/Binaries/Win64/UE4Editor-PaperTiledImporter.dll (API version 3944462).
LogModuleManager: Display: Found up-to-date module file ../../../Engine/Plugins/2D/Paper2D/Binaries/Win64/UE4Editor-SmartSnapping.dll (API version 3944462).
LogModuleManager: Display: Found up-to-date module file ../../../Engine/Plugins/Blendables/LightPropagationVolume/Binaries/Win64/UE4Editor-LightPropagationVolumeRuntime.dll (API version 3944462).
LogModuleManager: Display: Found up-to-date module file ../../../Engine/Plugins/Blendables/LightPropagationVolume/Binaries/Win64/UE4Editor-LightPropagationVolumeEditor.dll (API version 3944462).
LogModuleManager: Display: Found up-to-date module file ../../../Engine/Plugins/Developer/CLionSourceCodeAccess/Binaries/Win64/UE4Editor-CLionSourceCodeAccess.dll (API version 3944462).
LogModuleManager: Display: Found up-to-date module file ../../../Engine/Plugins/Developer/GitSourceControl/Binaries/Win64/UE4Editor-GitSourceControl.dll (API version 3944462).
LogModuleManager: Display: Found up-to-date module file ../../../Engine/Plugins/Developer/PerforceSourceControl/Binaries/Win64/UE4Editor-PerforceSourceControl.dll (API version 3944462).
LogModuleManager: Display: Found up-to-date module file ../../../Engine/Plugins/Developer/SubversionSourceControl/Binaries/Win64/UE4Editor-SubversionSourceControl.dll (API version 3944462).
LogModuleManager: Display: Found up-to-date module file ../../../Engine/Plugins/Developer/UObjectPlugin/Binaries/Win64/UE4Editor-UObjectPlugin.dll (API version 3944462).
LogModuleManager: Display: Found up-to-date module file ../../../Engine/Plugins/Developer/VisualStudioCodeSourceCodeAccess/Binaries/Win64/UE4Editor-VisualStudioCodeSourceCodeAccess.dll (API version 3944462).
LogModuleManager: Display: Found up-to-date module file ../../../Engine/Plugins/Developer/VisualStudioSourceCodeAccess/Binaries/Win64/UE4Editor-VisualStudioSourceCodeAccess.dll (API version 3944462).
LogModuleManager: Display: Found up-to-date module file ../../../Engine/Plugins/Editor/AssetManagerEditor/Binaries/Win64/UE4Editor-AssetManagerEditor.dll (API version 3944462).
LogModuleManager: Display: Found up-to-date module file ../../../Engine/Plugins/Editor/CryptoKeys/Binaries/Win64/UE4Editor-CryptoKeys.dll (API version 3944462).
LogModuleManager: Display: Found up-to-date module file ../../../Engine/Plugins/Editor/CryptoKeys/Binaries/Win64/UE4Editor-CryptoKeysOpenSSL.dll (API version 3944462).
LogModuleManager: Display: Found up-to-date module file ../../../Engine/Plugins/Editor/DataValidation/Binaries/Win64/UE4Editor-DataValidation.dll (API version 3944462).
LogModuleManager: Display: Found up-to-date module file ../../../Engine/Plugins/Editor/FacialAnimation/Binaries/Win64/UE4Editor-FacialAnimation.dll (API version 3944462).
LogModuleManager: Display: Found up-to-date module file ../../../Engine/Plugins/Editor/FacialAnimation/Binaries/Win64/UE4Editor-FacialAnimationEditor.dll (API version 3944462).
LogModuleManager: Display: Found up-to-date module file ../../../Engine/Plugins/Editor/GameplayTagsEditor/Binaries/Win64/UE4Editor-GameplayTagsEditor.dll (API version 3944462).
LogModuleManager: Display: Found up-to-date module file ../../../Engine/Plugins/Editor/MobileLauncherProfileWizard/Binaries/Win64/UE4Editor-MobileLauncherProfileWizard.dll (API version 3944462).
LogModuleManager: Display: Found up-to-date module file ../../../Engine/Plugins/Editor/PluginBrowser/Binaries/Win64/UE4Editor-PluginBrowser.dll (API version 3944462).
LogModuleManager: Display: Found up-to-date module file ../../../Engine/Plugins/Editor/SpeedTreeImporter/Binaries/Win64/UE4Editor-SpeedTreeImporter.dll (API version 3944462).
LogModuleManager: Display: Found up-to-date module file ../../../Engine/Plugins/Enterprise/DatasmithContent/Binaries/Win64/UE4Editor-DatasmithContent.dll (API version 3944462).
LogModuleManager: Display: Found up-to-date module file ../../../Engine/Plugins/Experimental/AlembicImporter/Binaries/Win64/UE4Editor-AlembicImporter.dll (API version 3944462).
LogModuleManager: Display: Found up-to-date module file ../../../Engine/Plugins/Experimental/AlembicImporter/Binaries/Win64/UE4Editor-AlembicLibrary.dll (API version 3944462).
LogModuleManager: Display: Found up-to-date module file ../../../Engine/Plugins/Experimental/CharacterAI/Binaries/Win64/UE4Editor-CharacterAI.dll (API version 3944462).
LogModuleManager: Display: Found up-to-date module file ../../../Engine/Plugins/Experimental/HTML5Networking/Binaries/Win64/UE4Editor-HTML5Networking.dll (API version 3944462).
LogModuleManager: Display: Found up-to-date module file ../../../Engine/Plugins/Media/AndroidMedia/Binaries/Win64/UE4Editor-AndroidMediaEditor.dll (API version 3944462).
LogModuleManager: Display: Found up-to-date module file ../../../Engine/Plugins/Media/AndroidMedia/Binaries/Win64/UE4Editor-AndroidMediaFactory.dll (API version 3944462).
LogModuleManager: Display: Found up-to-date module file ../../../Engine/Plugins/Media/AvfMedia/Binaries/Win64/UE4Editor-AvfMediaEditor.dll (API version 3944462).
LogModuleManager: Display: Found up-to-date module file ../../../Engine/Plugins/Media/AvfMedia/Binaries/Win64/UE4Editor-AvfMediaFactory.dll (API version 3944462).
LogModuleManager: Display: Found up-to-date module file ../../../Engine/Plugins/Media/AvfMedia/Binaries/Win64/UE4Editor-AvfMediaFactory.dll (API version 3944462).
LogModuleManager: Display: Found up-to-date module file ../../../Engine/Plugins/Media/ImgMedia/Binaries/Win64/UE4Editor-ImgMedia.dll (API version 3944462).
LogModuleManager: Display: Found up-to-date module file ../../../Engine/Plugins/Media/ImgMedia/Binaries/Win64/UE4Editor-ImgMediaEditor.dll (API version 3944462).
LogModuleManager: Display: Found up-to-date module file ../../../Engine/Plugins/Media/ImgMedia/Binaries/Win64/UE4Editor-ImgMediaFactory.dll (API version 3944462).
LogModuleManager: Display: Found up-to-date module file ../../../Engine/Plugins/Media/ImgMedia/Binaries/Win64/UE4Editor-ImgMediaFactory.dll (API version 3944462).
LogModuleManager: Display: Found up-to-date module file ../../../Engine/Plugins/Media/ImgMedia/Binaries/Win64/UE4Editor-OpenExrWrapper.dll (API version 3944462).
LogModuleManager: Display: Found up-to-date module file ../../../Engine/Plugins/Media/LinearTimecode/Binaries/Win64/UE4Editor-LinearTimecode.dll (API version 3944462).
LogModuleManager: Display: Found up-to-date module file ../../../Engine/Plugins/Media/MediaCompositing/Binaries/Win64/UE4Editor-MediaCompositing.dll (API version 3944462).
LogModuleManager: Display: Found up-to-date module file ../../../Engine/Plugins/Media/MediaCompositing/Binaries/Win64/UE4Editor-MediaCompositingEditor.dll (API version 3944462).
LogModuleManager: Display: Found up-to-date module file ../../../Engine/Plugins/Media/MediaPlayerEditor/Binaries/Win64/UE4Editor-MediaPlayerEditor.dll (API version 3944462).
LogModuleManager: Display: Found up-to-date module file ../../../Engine/Plugins/Media/WmfMedia/Binaries/Win64/UE4Editor-WmfMedia.dll (API version 3944462).
LogModuleManager: Display: Found up-to-date module file ../../../Engine/Plugins/Media/WmfMedia/Binaries/Win64/UE4Editor-WmfMediaEditor.dll (API version 3944462).
LogModuleManager: Display: Found up-to-date module file ../../../Engine/Plugins/Media/WmfMedia/Binaries/Win64/UE4Editor-WmfMediaFactory.dll (API version 3944462).
LogModuleManager: Display: Found up-to-date module file ../../../Engine/Plugins/Media/WmfMedia/Binaries/Win64/UE4Editor-WmfMediaFactory.dll (API version 3944462).
LogModuleManager: Display: Found up-to-date module file ../../../Engine/Plugins/Messaging/TcpMessaging/Binaries/Win64/UE4Editor-TcpMessaging.dll (API version 3944462).
LogModuleManager: Display: Found up-to-date module file ../../../Engine/Plugins/Messaging/UdpMessaging/Binaries/Win64/UE4Editor-UdpMessaging.dll (API version 3944462).
LogModuleManager: Display: Found up-to-date module file ../../../Engine/Plugins/MovieScene/ActorSequence/Binaries/Win64/UE4Editor-ActorSequence.dll (API version 3944462).
LogModuleManager: Display: Found up-to-date module file ../../../Engine/Plugins/MovieScene/LevelSequenceEditor/Binaries/Win64/UE4Editor-LevelSequenceEditor.dll (API version 3944462).
LogModuleManager: Display: Found up-to-date module file ../../../Engine/Plugins/MovieScene/MatineeToLevelSequence/Binaries/Win64/UE4Editor-MatineeToLevelSequence.dll (API version 3944462).
LogModuleManager: Display: Found up-to-date module file ../../../Engine/Plugins/NetcodeUnitTest/NetcodeUnitTest/Binaries/Win64/UE4Editor-NetcodeUnitTest.dll (API version 3944462).
LogModuleManager: Display: Found up-to-date module file ../../../Engine/Plugins/NetcodeUnitTest/NUTUnrealEngine4/Binaries/Win64/UE4Editor-NUTUnrealEngine4.dll (API version 3944462).
LogModuleManager: Display: Found up-to-date module file ../../../Engine/Plugins/Online/OnlineSubsystem/Binaries/Win64/UE4Editor-OnlineSubsystem.dll (API version 3944462).
LogModuleManager: Display: Found up-to-date module file ../../../Engine/Plugins/Runtime/AndroidPermission/Binaries/Win64/UE4Editor-AndroidPermission.dll (API version 3944462).
LogModuleManager: Display: Found up-to-date module file ../../../Engine/Plugins/Online/OnlineSubsystemNull/Binaries/Win64/UE4Editor-OnlineSubsystemNull.dll (API version 3944462).
LogModuleManager: Display: Found up-to-date module file ../../../Engine/Plugins/Online/OnlineSubsystemUtils/Binaries/Win64/UE4Editor-OnlineSubsystemUtils.dll (API version 3944462).
LogModuleManager: Display: Found up-to-date module file ../../../Engine/Plugins/Online/OnlineSubsystemUtils/Binaries/Win64/UE4Editor-OnlineBlueprintSupport.dll (API version 3944462).
LogModuleManager: Display: Found up-to-date module file ../../../Engine/Plugins/Runtime/AndroidDeviceProfileSelector/Binaries/Win64/UE4Editor-AndroidDeviceProfileSelector.dll (API version 3944462).
LogModuleManager: Display: Found up-to-date module file ../../../Engine/Plugins/Runtime/AppleARKit/Binaries/Win64/UE4Editor-AppleARKit.dll (API version 3944462).
LogModuleManager: Display: Found up-to-date module file ../../../Engine/Plugins/Runtime/ProceduralMeshComponent/Binaries/Win64/UE4Editor-ProceduralMeshComponent.dll (API version 3944462).
LogModuleManager: Display: Found up-to-date module file ../../../Engine/Plugins/Runtime/ProceduralMeshComponent/Binaries/Win64/UE4Editor-ProceduralMeshComponentEditor.dll (API version 3944462).
LogModuleManager: Display: Found up-to-date module file ../../../Engine/Plugins/Animation/LiveLink/Binaries/Win64/UE4Editor-LiveLink.dll (API version 3944462).
LogModuleManager: Display: Found up-to-date module file ../../../Engine/Plugins/Animation/LiveLink/Binaries/Win64/UE4Editor-LiveLinkEditor.dll (API version 3944462).
LogModuleManager: Display: Found up-to-date module file ../../../Engine/Plugins/Runtime/ArchVisCharacter/Binaries/Win64/UE4Editor-ArchVisCharacter.dll (API version 3944462).
LogModuleManager: Display: Found up-to-date module file ../../../Engine/Plugins/Runtime/AudioCapture/Binaries/Win64/UE4Editor-AudioCapture.dll (API version 3944462).
LogModuleManager: Display: Found up-to-date module file ../../../Engine/Plugins/Runtime/AudioCapture/Binaries/Win64/UE4Editor-AudioCaptureEditor.dll (API version 3944462).
LogModuleManager: Display: Found up-to-date module file ../../../Engine/Plugins/Runtime/CableComponent/Binaries/Win64/UE4Editor-CableComponent.dll (API version 3944462).
LogModuleManager: Display: Found up-to-date module file ../../../Engine/Plugins/Runtime/CustomMeshComponent/Binaries/Win64/UE4Editor-CustomMeshComponent.dll (API version 3944462).
LogModuleManager: Display: Found up-to-date module file ../../../Engine/Plugins/Runtime/ExampleDeviceProfileSelector/Binaries/Win64/UE4Editor-ExampleDeviceProfileSelector.dll (API version 3944462).
LogModuleManager: Display: Found up-to-date module file ../../../Engine/Plugins/Runtime/ImmediatePhysics/Binaries/Win64/UE4Editor-ImmediatePhysics.dll (API version 3944462).
LogModuleManager: Display: Found up-to-date module file ../../../Engine/Plugins/Runtime/ImmediatePhysics/Binaries/Win64/UE4Editor-ImmediatePhysicsEditor.dll (API version 3944462).
LogModuleManager: Display: Found up-to-date module file ../../../Engine/Plugins/Runtime/LocationServicesBPLibrary/Binaries/Win64/UE4Editor-LocationServicesBPLibrary.dll (API version 3944462).
LogModuleManager: Display: Found up-to-date module file ../../../Engine/Plugins/Runtime/MobilePatchingUtils/Binaries/Win64/UE4Editor-MobilePatchingUtils.dll (API version 3944462).
LogModuleManager: Display: Found up-to-date module file ../../../Engine/Plugins/Runtime/Oculus/OculusVR/Binaries/Win64/UE4Editor-OculusHMD.dll (API version 3944462).
LogModuleManager: Display: Found up-to-date module file ../../../Engine/Plugins/Runtime/Oculus/OculusVR/Binaries/Win64/UE4Editor-OculusInput.dll (API version 3944462).
LogModuleManager: Display: Found up-to-date module file ../../../Engine/Plugins/Runtime/Oculus/OculusVR/Binaries/Win64/UE4Editor-OculusEditor.dll (API version 3944462).
LogModuleManager: Display: Found up-to-date module file ../../../Engine/Plugins/Runtime/PhysXVehicles/Binaries/Win64/UE4Editor-PhysXVehicles.dll (API version 3944462).
LogModuleManager: Display: Found up-to-date module file ../../../Engine/Plugins/Runtime/PhysXVehicles/Binaries/Win64/UE4Editor-PhysXVehiclesEditor.dll (API version 3944462).
LogModuleManager: Display: Found up-to-date module file ../../../Engine/Plugins/Runtime/RuntimePhysXCooking/Binaries/Win64/UE4Editor-RuntimePhysXCooking.dll (API version 3944462).
LogModuleManager: Display: Found up-to-date module file ../../../Engine/Plugins/Runtime/Steam/SteamVR/Binaries/Win64/UE4Editor-SteamVR.dll (API version 3944462).
LogModuleManager: Display: Found up-to-date module file ../../../Engine/Plugins/Runtime/Steam/SteamVR/Binaries/Win64/UE4Editor-SteamVRController.dll (API version 3944462).
LogModuleManager: Display: Found up-to-date module file ../../../Engine/Plugins/Runtime/WindowsMoviePlayer/Binaries/Win64/UE4Editor-WindowsMoviePlayer.dll (API version 3944462).
LogPluginManager: Mounting plugin Paper2D
LogPluginManager: Mounting plugin LiveLink
LogPluginManager: Mounting plugin LightPropagationVolume
LogPluginManager: Mounting plugin CLionSourceCodeAccess
LogPluginManager: Mounting plugin CodeLiteSourceCodeAccess
LogPluginManager: Mounting plugin GitSourceControl
LogPluginManager: Mounting plugin KDevelopSourceCodeAccess
LogPluginManager: Mounting plugin NullSourceCodeAccess
LogPluginManager: Mounting plugin PerforceSourceControl
LogPluginManager: Mounting plugin SubversionSourceControl
LogPluginManager: Mounting plugin UObjectPlugin
LogPluginManager: Mounting plugin VisualStudioCodeSourceCodeAccess
LogPluginManager: Mounting plugin VisualStudioSourceCodeAccess
LogPluginManager: Mounting plugin XCodeSourceCodeAccess
LogPluginManager: Mounting plugin AssetManagerEditor
LogPluginManager: Mounting plugin CryptoKeys
LogPluginManager: Mounting plugin DataValidation
LogPluginManager: Mounting plugin FacialAnimation
LogPluginManager: Mounting plugin GameplayTagsEditor
LogPluginManager: Mounting plugin MobileLauncherProfileWizard
LogPluginManager: Mounting plugin PluginBrowser
LogPluginManager: Mounting plugin SpeedTreeImporter
LogPluginManager: Mounting plugin DatasmithContent
LogPluginManager: Mounting plugin AlembicImporter
LogPluginManager: Mounting plugin CharacterAI
LogPluginManager: Mounting plugin HTML5Networking
LogPluginManager: Mounting plugin AndroidMedia
LogPluginManager: Mounting plugin AvfMedia
LogPluginManager: Mounting plugin ImgMedia
LogPluginManager: Mounting plugin LinearTimecode
LogPluginManager: Mounting plugin MediaCompositing
LogPluginManager: Mounting plugin MediaPlayerEditor
LogPluginManager: Mounting plugin WmfMedia
LogPluginManager: Mounting plugin TcpMessaging
LogPluginManager: Mounting plugin UdpMessaging
LogPluginManager: Mounting plugin ActorSequence
LogPluginManager: Mounting plugin LevelSequenceEditor
LogPluginManager: Mounting plugin MatineeToLevelSequence
LogPluginManager: Mounting plugin NetcodeUnitTest
LogPluginManager: Mounting plugin NUTUnrealEngine4
LogPluginManager: Mounting plugin OnlineSubsystemGooglePlay
LogPluginManager: Mounting plugin OnlineSubsystemIOS
LogPluginManager: Mounting plugin OnlineSubsystem
LogPluginManager: Mounting plugin OnlineSubsystemNull
LogPluginManager: Mounting plugin OnlineSubsystemUtils
LogPluginManager: Mounting plugin AndroidDeviceProfileSelector
LogPluginManager: Mounting plugin AndroidMoviePlayer
LogPluginManager: Mounting plugin AndroidPermission
LogPluginManager: Mounting plugin AppleARKit
LogPluginManager: Mounting plugin AppleMoviePlayer
LogPluginManager: Mounting plugin ArchVisCharacter
LogPluginManager: Mounting plugin AudioCapture
LogPluginManager: Mounting plugin CableComponent
LogPluginManager: Mounting plugin CustomMeshComponent
LogPluginManager: Mounting plugin ExampleDeviceProfileSelector
LogPluginManager: Mounting plugin GoogleCloudMessaging
LogPluginManager: Mounting plugin ImmediatePhysics
LogPluginManager: Mounting plugin IOSDeviceProfileSelector
LogPluginManager: Mounting plugin LinuxDeviceProfileSelector
LogPluginManager: Mounting plugin LocationServicesBPLibrary
LogPluginManager: Mounting plugin MobilePatchingUtils
LogPluginManager: Mounting plugin OculusVR
LogPluginManager: Plugin shader directory ../../../Engine/Plugins/Runtime/Oculus/OculusVR/Shaders found
LogPluginManager: Mapping shader source directory ../../../Engine/Plugins/Runtime/Oculus/OculusVR/Shaders to virtual directory /Plugin/OculusVR
LogPluginManager: Mounting plugin PhysXVehicles
LogPluginManager: Mounting plugin ProceduralMeshComponent
LogPluginManager: Mounting plugin RuntimePhysXCooking
LogPluginManager: Mounting plugin SteamVR
LogPluginManager: Mounting plugin WindowsMoviePlayer
LogStreaming: Display: Took  1.537s to configure plugins.
LogInit: Using libcurl 7.47.1
LogInit:  - built for x86_64-pc-win32
LogInit:  - supports SSL with OpenSSL/1.0.2g
LogInit:  - supports HTTP deflate (compression) using libz 1.2.8
LogInit:  - other features:
LogInit:      CURL_VERSION_SSL
LogInit:      CURL_VERSION_LIBZ
LogInit:      CURL_VERSION_IPV6
LogInit:      CURL_VERSION_ASYNCHDNS
LogInit:      CURL_VERSION_LARGEFILE
LogInit:      CURL_VERSION_IDN
LogInit:  CurlRequestOptions (configurable via config and command line):
LogInit:  - bVerifyPeer = false  - Libcurl will NOT verify peer certificate
LogInit:  - bUseHttpProxy = false  - Libcurl will NOT use HTTP proxy
LogInit:  - bDontReuseConnections = false  - Libcurl will reuse connections
LogInit:  - CertBundlePath = nullptr  - Libcurl will use whatever was configured at build time.
LogInit:  - MaxHostConnections = 16  - Libcurl will limit the number of connections to a host
LogInit:  - LocalHostAddr = Default
LogInit: WinSock: version 1.1 (2.2), MaxSocks=32767, MaxUdp=65467
LogInit: WinSock: I am pc-tanguy (192.168.42.26:0)
LogInit: Build: ++UE4+Release-4.19-CL-4033788
LogInit: Engine Version: 4.19.2-4033788+++UE4+Release-4.19
LogInit: Compatible Engine Version: 4.19.0-3944462+++UE4+Release-4.19
LogInit: Net CL: 3944462
LogDevObjectVersion: Number of dev versions registered: 18
LogDevObjectVersion:   Dev-Blueprints (B0D832E4-1F89-4F0D-ACCF-7EB736FD4AA2): 10
LogDevObjectVersion:   Dev-Build (E1C64328-A22C-4D53-A36C-8E866417BD8C): 0
LogDevObjectVersion:   Dev-Core (375EC13C-06E4-48FB-B500-84F0262A717E): 2
LogDevObjectVersion:   Dev-Editor (E4B068ED-F494-42E9-A231-DA0B2E46BB41): 23
LogDevObjectVersion:   Dev-Framework (CFFC743F-43B0-4480-9391-14DF171D2073): 33
LogDevObjectVersion:   Dev-Mobile (B02B49B5-BB20-44E9-A304-32B752E40360): 2
LogDevObjectVersion:   Dev-Networking (A4E4105C-59A1-49B5-A7C5-40C4547EDFEE): 0
LogDevObjectVersion:   Dev-Online (39C831C9-5AE6-47DC-9A44-9C173E1C8E7C): 0
LogDevObjectVersion:   Dev-Physics (78F01B33-EBEA-4F98-B9B4-84EACCB95AA2): 0
LogDevObjectVersion:   Dev-Platform (6631380F-2D4D-43E0-8009-CF276956A95A): 0
LogDevObjectVersion:   Dev-Rendering (12F88B9F-8875-4AFC-A67C-D90C383ABD29): 25
LogDevObjectVersion:   Dev-Sequencer (7B5AE74C-D270-4C10-A958-57980B212A5A): 6
LogDevObjectVersion:   Dev-VR (D7296918-1DD6-4BDD-9DE2-64A83CC13884): 1
LogDevObjectVersion:   Dev-LoadTimes (C2A15278-BFE7-4AFE-6C17-90FF531DF755): 1
LogDevObjectVersion:   Private-Geometry (6EACA3D4-40EC-4CC1-B786-8BED09428FC5): 2
LogDevObjectVersion:   Dev-AnimPhys (29E575DD-E0A3-4627-9D10-D276232CDCEA): 16
LogDevObjectVersion:   Dev-ReflectionCapture (6B266CEC-1EC7-4B8F-A30B-E4D90942FC07): 1
LogDevObjectVersion:   Dev-Automation (0DF73D61-A23F-47EA-B727-89E90C41499A): 1
LogInit: Compiled (64-bit): Apr 27 2018 02:06:57
LogInit: Compiled with Visual C++: 19.00.24215.01
LogInit: Build Configuration: Development
LogInit: Branch Name: ++UE4+Release-4.19
LogInit: Command Line: -EpicPortal 
LogInit: Base Directory: F:/jeux/fortnite/UE_4.19/Engine/Binaries/Win64/
LogInit: Installed Engine Build: 1
LogStreaming: Display: Took  0.002s to delete old logs.
LogInit: Presizing for max 8388607 objects, including 0 objects not considered by GC, pre-allocating 0 bytes for permanent pool.
LogInit: Object subsystem initialized
[2018.07.02-16.18.43:956][  0]LogInit: Selected Device Profile: [Windows]
[2018.07.02-16.18.43:956][  0]LogInit: Applying CVar settings loaded from the selected device profile: [Windows]
[2018.07.02-16.18.43:971][  0]LogInit: Computer: PC-TANGUY
[2018.07.02-16.18.43:971][  0]LogInit: User: seb
[2018.07.02-16.18.43:971][  0]LogInit: CPU Page size=4096, Cores=3
[2018.07.02-16.18.43:971][  0]LogInit: High frequency timer resolution =3.441074 MHz
[2018.07.02-16.18.43:971][  0]LogMemory: Memory total: Physical=8.0GB (8GB approx)
[2018.07.02-16.18.43:971][  0]LogMemory: Platform Memory Stats for Windows
[2018.07.02-16.18.43:971][  0]LogMemory: Process Physical Memory: 277.00 MB used, 277.00 MB peak
[2018.07.02-16.18.43:971][  0]LogMemory: Process Virtual Memory: 268.53 MB used, 268.53 MB peak
[2018.07.02-16.18.43:971][  0]LogMemory: Physical Memory: 4847.82 MB used,  3325.61 MB free, 8173.43 MB total
[2018.07.02-16.18.43:971][  0]LogMemory: Virtual Memory: 640.67 MB used,  3325.61 MB free, 8388608.00 MB total
[2018.07.02-16.18.44:006][  0]LogInit: Using OS detected language (fr-FR).
[2018.07.02-16.18.44:006][  0]LogInit: Using OS detected locale (fr-FR).
[2018.07.02-16.18.44:010][  0]LogTextLocalizationManager: No localization for 'fr-FR' exists, so 'en' will be used for the language.
[2018.07.02-16.18.44:586][  0]LogStreaming: Display: Took  0.580s to EndInitTextLocalization.
[2018.07.02-16.18.44:587][  0]LogWindows: Failed to load 'shcore.dll' (GetLastError=126)
[2018.07.02-16.18.44:587][  0]LogWindows: File 'shcore.dll' does not exist
[2018.07.02-16.18.44:587][  0]LogInit: Setting process to DPI aware
[2018.07.02-16.18.44:590][  0]LogWindows: Failed to load 'shcore.dll' (GetLastError=126)
[2018.07.02-16.18.44:590][  0]LogWindows: File 'shcore.dll' does not exist
[2018.07.02-16.18.44:591][  0]LogInit: Setting process to DPI aware
[2018.07.02-16.18.44:620][  0]LogSlate: New Slate User Created.  User Index 0, Is Virtual User: 0
[2018.07.02-16.18.44:620][  0]LogSlate: Slate User Registered.  User Index 0, Is Virtual User: 0
[2018.07.02-16.18.44:908][  0]LogD3D11RHI: D3D11 adapters:
[2018.07.02-16.18.45:491][  0]LogD3D11RHI:    0. 'NVIDIA GeForce GTX 1050 Ti' (Feature Level 11_0)
[2018.07.02-16.18.45:491][  0]LogD3D11RHI:       4008/0/3830 MB DedicatedVideo/DedicatedSystem/SharedSystem, Outputs:1, VendorId:0x10de
[2018.07.02-16.18.45:491][  0]LogD3D11RHI: Chosen D3D11 Adapter: 0
[2018.07.02-16.18.45:499][  0]LogD3D11RHI: Creating new Direct3DDevice
[2018.07.02-16.18.45:499][  0]LogD3D11RHI:     GPU DeviceId: 0x1c82 (for the marketing name, search the web for "GPU Device Id")
[2018.07.02-16.18.45:499][  0]LogWindows: EnumDisplayDevices:
[2018.07.02-16.18.45:500][  0]LogWindows:    0. 'NVIDIA GeForce GTX 1050 Ti' (P:1 D:1)
[2018.07.02-16.18.45:500][  0]LogWindows:    1. 'NVIDIA GeForce GTX 1050 Ti' (P:0 D:0)
[2018.07.02-16.18.45:501][  0]LogWindows:    2. 'NVIDIA GeForce GTX 1050 Ti' (P:0 D:0)
[2018.07.02-16.18.45:501][  0]LogWindows:    3. 'NVIDIA GeForce GTX 1050 Ti' (P:0 D:0)
[2018.07.02-16.18.45:501][  0]LogWindows:    4. 'RDPDD Chained DD' (P:0 D:0)
[2018.07.02-16.18.45:501][  0]LogWindows:    5. 'RDP Encoder Mirror Driver' (P:0 D:0)
[2018.07.02-16.18.45:502][  0]LogWindows:    6. 'RDP Reflector Display Driver' (P:0 D:0)
[2018.07.02-16.18.45:502][  0]LogWindows: DebugString: GetVideoDriverDetailsInvalid PrimaryIsNotTheChoosenAdapter GetVideoDriverDetailsInvalid PrimaryIsNotTheChoosenAdapter GetVideoDriverDetailsInvalid PrimaryIsNotTheChoosenAdapter FoundDriverCount:4 
[2018.07.02-16.18.45:502][  0]LogD3D11RHI:     Adapter Name: NVIDIA GeForce GTX 1050 Ti
[2018.07.02-16.18.45:502][  0]LogD3D11RHI:   Driver Version: 382.05 (internal:22.21.13.8205, unified:382.05)
[2018.07.02-16.18.45:502][  0]LogD3D11RHI:      Driver Date: 5-1-2017
[2018.07.02-16.18.45:502][  0]LogRHI: Texture pool is 2806 MB (70% of 4008 MB)
[2018.07.02-16.18.46:080][  0]LogD3D11RHI: [Aftermath] Aftermath enabled but failed to initialize
[2018.07.02-16.18.46:080][  0]LogD3D11RHI: [Aftermath] Aftermath enabled and primed
[2018.07.02-16.18.46:080][  0]LogD3D11RHI: Async texture creation enabled
[2018.07.02-16.18.46:128][  0]LogD3D11RHI: GPU Timing Frequency: 1000.000000 (Debug: 2 2)
[2018.07.02-16.18.46:178][  0]LogShaderCompilers: Guid format shader working directory is 1 characters bigger than the processId version (C:/Users/seb/Documents/GitHub/DrunkFighting/Intermediate/Shaders/WorkingDirectory/5136/).
[2018.07.02-16.18.46:178][  0]LogShaderCompilers: Cleaned the shader compiler working directory 'C:/Users/seb/AppData/Local/Temp/UnrealShaderWorkingDir/94E0E7334228C9984DB03EB2A25AC027/'.
[2018.07.02-16.18.46:456][  0]LogTemp: Display: Loaded TP AllDesktopTargetPlatform
[2018.07.02-16.18.46:478][  0]LogTemp: Display: Loaded TP MacClientTargetPlatform
[2018.07.02-16.18.46:500][  0]LogTemp: Display: Loaded TP MacNoEditorTargetPlatform
[2018.07.02-16.18.46:523][  0]LogTemp: Display: Loaded TP MacServerTargetPlatform
[2018.07.02-16.18.46:546][  0]LogTemp: Display: Loaded TP MacTargetPlatform
[2018.07.02-16.18.46:568][  0]LogTemp: Display: Loaded TP WindowsClientTargetPlatform
[2018.07.02-16.18.46:591][  0]LogTemp: Display: Loaded TP WindowsNoEditorTargetPlatform
[2018.07.02-16.18.46:613][  0]LogTemp: Display: Loaded TP WindowsServerTargetPlatform
[2018.07.02-16.18.46:623][  0]LogTemp: Display: Loaded TP WindowsTargetPlatform
[2018.07.02-16.18.46:644][  0]LogTemp: Display: Loaded TP Android_ASTCTargetPlatform
[2018.07.02-16.18.46:664][  0]LogTemp: Display: Loaded TP Android_ATCTargetPlatform
[2018.07.02-16.18.46:684][  0]LogTemp: Display: Loaded TP Android_DXTTargetPlatform
[2018.07.02-16.18.46:704][  0]LogTemp: Display: Loaded TP Android_ETC1aTargetPlatform
[2018.07.02-16.18.46:725][  0]LogTemp: Display: Loaded TP Android_ETC1TargetPlatform
[2018.07.02-16.18.46:745][  0]LogTemp: Display: Loaded TP Android_ETC2TargetPlatform
[2018.07.02-16.18.46:786][  0]LogTemp: Display: Loaded TP Android_MultiTargetPlatform
[2018.07.02-16.18.46:786][  0]LogTemp: Display: Loaded TP Android_PVRTCTargetPlatform
[2018.07.02-16.18.46:806][  0]LogTemp: Display: Loaded TP AndroidTargetPlatform
[2018.07.02-16.18.46:808][  0]LogTemp: Display: Loaded TP HTML5TargetPlatform
[2018.07.02-16.18.46:852][  0]LogTemp: Display: Loaded TP IOSTargetPlatform
[2018.07.02-16.18.46:871][  0]LogTemp: Display: Loaded TP TVOSTargetPlatform
[2018.07.02-16.18.46:891][  0]LogTemp: Display: Loaded TP LinuxClientTargetPlatform
[2018.07.02-16.18.46:910][  0]LogTemp: Display: Loaded TP LinuxNoEditorTargetPlatform
[2018.07.02-16.18.46:930][  0]LogTemp: Display: Loaded TP LinuxServerTargetPlatform
[2018.07.02-16.18.46:950][  0]LogTemp: Display: Loaded TP LinuxTargetPlatform
[2018.07.02-16.18.46:950][  0]LogTargetPlatformManager: Display: Building Assets For Windows
[2018.07.02-16.18.47:102][  0]LogXGEController: Cannot use XGE Controller as Incredibuild is not installed on this machine.
[2018.07.02-16.18.47:102][  0]LogShaderCompilers: Cannot use XGE Shader Compiler as Incredibuild is not installed on this machine.
[2018.07.02-16.18.47:102][  0]LogShaderCompilers: Display: Using Local Shader Compiler.
[2018.07.02-16.18.48:218][  0]LogDerivedDataCache: Display: Max Cache Size: 512 MB
[2018.07.02-16.18.48:382][  0]LogDerivedDataCache: Loaded boot cache 0.16s 74MB C:/Users/seb/AppData/Local/UnrealEngine/4.19/DerivedDataCache/Boot.ddc.
[2018.07.02-16.18.48:382][  0]LogDerivedDataCache: Display: Loaded Boot cache: C:/Users/seb/AppData/Local/UnrealEngine/4.19/DerivedDataCache/Boot.ddc
[2018.07.02-16.18.48:382][  0]LogDerivedDataCache: FDerivedDataBackendGraph:  Pak pak cache file C:/Users/seb/Documents/GitHub/DrunkFighting/DerivedDataCache/DDC.ddp not found, will not use a pak cache.
[2018.07.02-16.18.48:382][  0]LogDerivedDataCache: Unable to find inner node Pak for hierarchical cache Hierarchy.
[2018.07.02-16.18.48:382][  0]LogDerivedDataCache: FDerivedDataBackendGraph:  CompressedPak pak cache file C:/Users/seb/Documents/GitHub/DrunkFighting/DerivedDataCache/Compressed.ddp not found, will not use a pak cache.
[2018.07.02-16.18.48:382][  0]LogDerivedDataCache: Unable to find inner node CompressedPak for hierarchical cache Hierarchy.
[2018.07.02-16.18.48:409][  0]LogDerivedDataCache: Display: Pak cache opened for reading ../../../Engine/DerivedDataCache/Compressed.ddp.
[2018.07.02-16.18.48:421][  0]LogDerivedDataCache: Using Local data cache path C:/Users/seb/AppData/Local/UnrealEngine/Common/DerivedDataCache: Writable
[2018.07.02-16.18.48:421][  0]LogDerivedDataCache: Shared data cache path not found in *engine.ini, will not use an Shared cache.
[2018.07.02-16.18.48:421][  0]LogDerivedDataCache: Unable to find inner node Shared for hierarchical cache Hierarchy.
[2018.07.02-16.18.48:440][  0]LogMaterial: Verifying Global Shaders for PCD3D_SM5
[2018.07.02-16.18.48:440][  0]LogSlate: Using Freetype 2.6.0
[2018.07.02-16.18.48:441][  0]LogSlate: SlateFontCache - WITH_FREETYPE: 1, WITH_HARFBUZZ: 1
[2018.07.02-16.18.48:441][  0]LogSlate: SlateFontCache - WITH_FREETYPE: 1, WITH_HARFBUZZ: 1
[2018.07.02-16.18.48:617][  0]LogAssetRegistry: FAssetRegistry took 0.0269 seconds to start up
[2018.07.02-16.18.49:133][  0]LogInit: Selected Device Profile: [Windows]
[2018.07.02-16.18.49:240][  0]LogSimplygon: Simplygon DLL not present - disabling.
[2018.07.02-16.18.49:243][  0]LogMeshReduction: Using SimplygonSwarm for distributed automatic mesh merging
[2018.07.02-16.18.49:243][  0]LogMeshReduction: Using QuadricMeshReduction for automatic static mesh reduction
[2018.07.02-16.18.49:244][  0]LogMeshReduction: No automatic skeletal mesh reduction module available
[2018.07.02-16.18.49:244][  0]LogMeshReduction: No automatic mesh merging module available
[2018.07.02-16.18.49:244][  0]LogMeshMerging: No automatic mesh merging module available
[2018.07.02-16.18.49:398][  0]LogNetVersion: DrunkFighting , NetCL: 3944462, EngineNetVer: 2, GameNetVer: 0 (Checksum: 958242841)
[2018.07.02-16.18.50:140][  0]LogPackageLocalizationCache: Processed 9 localized package path(s) for 1 prioritized culture(s) in 0.150221 seconds
[2018.07.02-16.18.50:148][  0]LogUObjectArray: 36728 objects as part of root set at end of initial load.
[2018.07.02-16.18.50:148][  0]LogUObjectAllocator: 7314304 out of 0 bytes used by permanent object pool.
[2018.07.02-16.18.50:148][  0]LogUObjectArray: CloseDisregardForGC: 0/0 objects in disregard for GC pool
[2018.07.02-16.18.52:583][  0]LogTcpMessaging: Initializing TcpMessaging bridge
[2018.07.02-16.18.52:621][  0]LogUdpMessaging: Initializing bridge on interface 0.0.0.0:0 to multicast group 230.0.0.1:6666.
[2018.07.02-16.18.53:120][  0]SourceControl: Source control is disabled
[2018.07.02-16.18.53:120][  0]SourceControl: Source control is disabled
[2018.07.02-16.18.53:148][  0]SourceControl: Source control is disabled
[2018.07.02-16.18.53:175][  0]SourceControl: Source control is disabled
[2018.07.02-16.18.53:851][  0]LogAndroidPermission: UAndroidPermissionCallbackProxy::GetInstance
[2018.07.02-16.18.54:201][  0]LogOcInput: OculusInput pre-init called
[2018.07.02-16.18.54:358][  0]LogEngine: Initializing Engine...
[2018.07.02-16.18.54:360][  0]LogHMD: Failed to initialize OpenVR with code 110
[2018.07.02-16.18.54:362][  0]LogStats: UGameplayTagsManager::ConstructGameplayTagTree: Construct from data asset -  0.000 s
[2018.07.02-16.18.54:362][  0]LogStats: UGameplayTagsManager::ConstructGameplayTagTree: GameplayTagTreeChangedEvent.Broadcast -  0.000 s
[2018.07.02-16.18.54:720][  0]LogAIModule: Creating AISystem for world Untitled
[2018.07.02-16.18.54:805][  0]LogInit: XAudio2 using 'Haut-parleurs (2- Razer Surround Audio Controller)' : 6 channels at 48 kHz using 16 bits per sample (channel mask 0x3f)
[2018.07.02-16.18.54:817][  0]LogInit: FAudioDevice initialized.
[2018.07.02-16.18.54:961][  0]LogDerivedDataCache: Saved boot cache 0.14s 74MB C:/Users/seb/AppData/Local/UnrealEngine/4.19/DerivedDataCache/Boot.ddc.
[2018.07.02-16.18.54:991][  0]LogInit: Texture streaming: Enabled
[2018.07.02-16.18.55:015][  0]LogEngineSessionManager: EngineSessionManager initialized
[2018.07.02-16.18.55:030][  0]LogInit: Transaction tracking system initialized
[2018.07.02-16.18.55:061][  0]BlueprintLog: New page: Editor Load
[2018.07.02-16.18.55:161][  0]LocalizationService: Localization service is disabled
[2018.07.02-16.18.55:319][  0]LogConsoleResponse: Display: 
[2018.07.02-16.18.55:568][  0]LogCook: Display: Max memory allowance for cook 16384mb min free memory 0mb
[2018.07.02-16.18.55:568][  0]LogCook: Display: Mobile HDR setting 1
[2018.07.02-16.18.55:568][  0]LogGameplayTags: Display: UGameplayTagsManager::DoneAddingNativeTags. DelegateIsBound: 0
[2018.07.02-16.18.55:568][  0]LogStats: UGameplayTagsManager::ConstructGameplayTagTree: Construct from data asset -  0.000 s
[2018.07.02-16.18.55:568][  0]LogStats: UGameplayTagsManager::ConstructGameplayTagTree: GameplayTagTreeChangedEvent.Broadcast -  0.000 s
[2018.07.02-16.18.56:154][  0]LogFileCache: Scanning file cache for directory 'C:/Users/seb/Documents/GitHub/DrunkFighting/Content/' took 0.01s
[2018.07.02-16.18.56:154][  0]SourceControl: Source control is disabled
[2018.07.02-16.18.56:154][  0]Cmd: MAP LOAD FILE="../../../Engine/Content/Maps/Templates/Template_Default.umap" TEMPLATE=1 SHOWPROGRESS=1 FEATURELEVEL=3
[2018.07.02-16.18.56:155][  0]LightingResults: New page: Lighting Build
[2018.07.02-16.18.56:158][  0]MapCheck: New page: Map Check
[2018.07.02-16.18.56:158][  0]LightingResults: New page: Lighting Build
[2018.07.02-16.18.56:427][  0]LogAIModule: Creating AISystem for world Untitled_1
[2018.07.02-16.18.56:435][  0]LogEditorServer: Finished looking for orphan Actors (0.000 secs)
[2018.07.02-16.18.56:460][  0]Cmd: MAP CHECKDEP NOCLEARLOG
[2018.07.02-16.18.56:531][  0]MapCheck: Map check complete: 0 Error(s), 0 Warning(s), took 71,08ms to complete.
[2018.07.02-16.18.56:531][  0]LogFileHelpers: Loading map 'Template_Default' took 0.377
[2018.07.02-16.18.56:696][  0]LogCollectionManager: Loaded 0 collections in 0.003166 seconds
[2018.07.02-16.18.56:743][  0]LogFileCache: Scanning file cache for directory 'C:/Users/seb/Documents/GitHub/DrunkFighting/Saved/Collections/' took 0.01s
[2018.07.02-16.18.56:743][  0]LogFileCache: Scanning file cache for directory 'C:/Users/seb/Documents/GitHub/DrunkFighting/Content/Developers/seb/Collections/' took 0.01s
[2018.07.02-16.18.56:743][  0]LogFileCache: Scanning file cache for directory 'C:/Users/seb/Documents/GitHub/DrunkFighting/Content/Collections/' took 0.01s
[2018.07.02-16.18.56:744][  0]LogCollectionManager: Rebuilt the GUID cache for 0 collections in 0.000000 seconds
[2018.07.02-16.18.56:759][  0]LogContentBrowser: Native class hierarchy populated in 0.0155 seconds. Added 2452 classes and 558 folders.
[2018.07.02-16.18.56:776][  0]LogContentBrowser: Native class hierarchy updated for 'WidgetCarousel' in 0.0003 seconds. Added 0 classes and 0 folders.
[2018.07.02-16.18.57:642][  0]LogContentBrowser: Native class hierarchy updated for 'AddContentDialog' in 0.0003 seconds. Added 0 classes and 0 folders.
[2018.07.02-16.18.57:662][  0]LogContentBrowser: Native class hierarchy updated for 'SceneOutliner' in 0.0004 seconds. Added 1 classes and 2 folders.
[2018.07.02-16.18.57:689][  0]LogSlate: Took 0.000373 seconds to synchronously load lazily loaded font '../../../Engine/Content/Slate/Fonts/Roboto-Regular.ttf' (155K)
[2018.07.02-16.18.57:693][  0]LogSlate: Took 0.000414 seconds to synchronously load lazily loaded font '../../../Engine/Content/Slate/Fonts/Roboto-Bold.ttf' (160K)
[2018.07.02-16.18.57:717][  0]LogSlate: Took 0.015218 seconds to synchronously load lazily loaded font '../../../Engine/Content/Editor/Slate/Fonts/FontAwesome.ttf' (139K)
[2018.07.02-16.18.57:891][  0]LogRenderer: Reallocating scene render targets to support 960x644 Format 10 NumSamples 1 (Frame:1).
[2018.07.02-16.18.58:132][  0]LogContentBrowser: Native class hierarchy updated for 'HierarchicalLODOutliner' in 0.0003 seconds. Added 0 classes and 0 folders.
[2018.07.02-16.18.58:132][  0]LogLoad: (Engine Initialization) Total time: 18.19 seconds
[2018.07.02-16.18.58:132][  0]LogLoad: (Engine Initialization) Total Blueprint compile time: 0.00 seconds
[2018.07.02-16.18.58:167][  0]LogContentStreaming: Texture pool size now 1000 MB
[2018.07.02-16.18.58:285][  2]LogAssetRegistry: Asset discovery search completed in 9.6881 seconds
[2018.07.02-16.18.58:287][  2]LogCollectionManager: Rebuilt the object cache for 0 collections in 0.000000 seconds (found 0 objects)
[2018.07.02-16.18.58:287][  2]LogCollectionManager: Fixed up redirectors for 0 collections in 0.000058 seconds (updated 0 objects)
[2018.07.02-16.18.59:207][ 92]LogSlate: Took 0.025582 seconds to synchronously load lazily loaded font '../../../Engine/Content/Slate/Fonts/Roboto-Light.ttf' (167K)
[2018.07.02-16.19.02:232][443]LogSlate: Took 0.000260 seconds to synchronously load lazily loaded font '../../../Engine/Content/Slate/Fonts/Roboto-Light.ttf' (167K)
[2018.07.02-16.19.04:283][683]LogSlate: FSceneViewport::OnFocusLost() reason 0
[2018.07.02-16.19.09:146][231]LogUObjectGlobals: Created PersistentFrame Addr=0x000000004d81aec0, Size=32, Default__BP_PersonnageTest_C Function /Game/Personnage/BP_PersonnageTest.BP_PersonnageTest_C:ExecuteUbergraph_BP_PersonnageTest
[2018.07.02-16.19.09:151][231]LogUObjectGlobals: Destroyed PersistentFrame Addr=0x000000004d81aec0, Size=32
[2018.07.02-16.19.09:151][231]LogUObjectGlobals: Created PersistentFrame Addr=0x000000004d81aec0, Size=32, Default__BP_PersonnageTest_C Function /Engine/Transient.REINST_BP_PersonnageTest_C_5:ExecuteUbergraph_BP_PersonnageTest
[2018.07.02-16.19.09:172][231]LogBlueprint: Warning: [Compiler BP_PersonnageTest] Input Axis Event references unknown Axis 'Avancer' for  InputAxis Avancer
[2018.07.02-16.19.09:174][231]LogUObjectGlobals: Created PersistentFrame Addr=0x000000004d819880, Size=32, Default__BP_PersonnageTest_C Function /Game/Personnage/BP_PersonnageTest.BP_PersonnageTest_C:ExecuteUbergraph_BP_PersonnageTest
[2018.07.02-16.19.09:176][231]LogBlueprint: Warning: [Compiler BP_PersonnageTest] [0029,23] Compile of BP_PersonnageTest successful, but with 1 Warning(s) [in 26 ms] (/Game/Personnage/BP_PersonnageTest.BP_PersonnageTest)
[2018.07.02-16.19.09:182][231]LogUObjectGlobals: Created PersistentFrame Addr=0x000000004d7e7c40, Size=4, Default__BP_gameMode_C Function /Game/Personnage/BP_gameMode.BP_gameMode_C:ExecuteUbergraph_BP_gameMode
[2018.07.02-16.19.09:188][231]LogUObjectGlobals: Destroyed PersistentFrame Addr=0x000000004d7e7c40, Size=4
[2018.07.02-16.19.09:188][231]LogUObjectGlobals: Created PersistentFrame Addr=0x000000004d7e7c40, Size=4, Default__BP_gameMode_C Function /Engine/Transient.REINST_BP_gameMode_C_7:ExecuteUbergraph_BP_gameMode
[2018.07.02-16.19.09:194][231]LogUObjectGlobals: Created PersistentFrame Addr=0x000000004d7e7960, Size=4, Default__BP_gameMode_C Function /Game/Personnage/BP_gameMode.BP_gameMode_C:ExecuteUbergraph_BP_gameMode
[2018.07.02-16.19.09:202][231]LogUObjectGlobals: Created PersistentFrame Addr=0x000000004d8b3d30, Size=16, Default__BP_camera_C Function /Game/Personnage/BP_camera.BP_camera_C:ExecuteUbergraph_BP_camera
[2018.07.02-16.19.09:224][231]LogUObjectGlobals: Destroyed PersistentFrame Addr=0x000000004d8b3d30, Size=16
[2018.07.02-16.19.09:224][231]LogUObjectGlobals: Created PersistentFrame Addr=0x000000004d8b3d30, Size=16, Default__BP_camera_C Function /Engine/Transient.REINST_BP_camera_C_9:ExecuteUbergraph_BP_camera
[2018.07.02-16.19.09:241][231]LogUObjectGlobals: Created PersistentFrame Addr=0x000000004ff7b7f0, Size=16, Default__BP_camera_C Function /Game/Personnage/BP_camera.BP_camera_C:ExecuteUbergraph_BP_camera
[2018.07.02-16.19.09:255][231]LogUObjectGlobals: Created PersistentFrame Addr=0x000000004d7e6960, Size=4, Default__LevelTest_C Function /Game/Maps/LevelTest.LevelTest_C:ExecuteUbergraph_LevelTest
[2018.07.02-16.19.09:256][231]LogUObjectGlobals: Destroyed PersistentFrame Addr=0x000000004d7e6960, Size=4
[2018.07.02-16.19.09:256][231]LogUObjectGlobals: Created PersistentFrame Addr=0x000000004d7e6960, Size=4, Default__LevelTest_C Function /Engine/Transient.REINST_LevelTest_C_11:ExecuteUbergraph_LevelTest
[2018.07.02-16.19.09:257][231]LogUObjectGlobals: Created PersistentFrame Addr=0x000000004d7e6820, Size=4, Default__LevelTest_C Function /Game/Maps/LevelTest.LevelTest_C:ExecuteUbergraph_LevelTest
[2018.07.02-16.19.09:379][231]LogAIModule: Creating AISystem for world LevelTest
[2018.07.02-16.19.09:413][231]LogUObjectGlobals: Destroyed PersistentFrame Addr=0x000000004d81aec0, Size=32
[2018.07.02-16.19.09:413][231]LogUObjectGlobals: Destroyed PersistentFrame Addr=0x000000004d7e7c40, Size=4
[2018.07.02-16.19.09:413][231]LogUObjectGlobals: Destroyed PersistentFrame Addr=0x000000004d8b3d30, Size=16
[2018.07.02-16.19.09:413][231]LogUObjectGlobals: Destroyed PersistentFrame Addr=0x000000004d7e6960, Size=4
[2018.07.02-16.19.09:416][231]Cmd: MAP LOAD FILE="C:/Users/seb/Documents/GitHub/DrunkFighting/Content/Maps/LevelTest.umap" TEMPLATE=0 SHOWPROGRESS=1 FEATURELEVEL=3
[2018.07.02-16.19.09:416][231]LightingResults: New page: Lighting Build
[2018.07.02-16.19.09:417][231]LoadErrors: New page: Loading map: LevelTest.umap
[2018.07.02-16.19.09:417][231]MapCheck: New page: Map Check
[2018.07.02-16.19.09:417][231]LightingResults: New page: Lighting Build
[2018.07.02-16.19.09:443][231]LogEditorServer: Finished looking for orphan Actors (0.000 secs)
[2018.07.02-16.19.09:502][231]Cmd: MAP CHECKDEP NOCLEARLOG
[2018.07.02-16.19.09:579][231]MapCheck: Map check complete: 0 Error(s), 0 Warning(s), took 77,577ms to complete.
[2018.07.02-16.19.09:579][231]LogFileHelpers: Loading map 'LevelTest' took 0.165
[2018.07.02-16.19.15:842][923]LogTexture: Display: Building textures: SpriteSheet_Donjon_sBlocks (AutoDXT, 512X128)
[2018.07.02-16.19.16:039][923]LogSlate: Took 0.000778 seconds to synchronously load lazily loaded font '../../../Engine/Content/Slate/Fonts/Roboto-BoldCondensed.ttf' (158K)
[2018.07.02-16.19.16:145][923]LogRenderer: Reallocating scene render targets to support 1024x892 Format 10 NumSamples 1 (Frame:1).
[2018.07.02-16.19.29:370][407]LogTexture: Display: Building textures: SpriteSheet_PersonnageBase_IdleV2 (BGRA8, 456X319)
[2018.07.02-16.19.29:821][407]LogContentBrowser: Native class hierarchy updated for 'BlueprintGraph' in 0.0010 seconds. Added 116 classes and 0 folders.
[2018.07.02-16.19.30:284][407]LogUObjectGlobals: Created PersistentFrame Addr=0x000000007a618600, Size=4, Default__SKEL_PROTO_BP_AnimBlueprint_0_C Function /Engine/Transient.SKEL_PROTO_BP_AnimBlueprint_0_C:ExecuteUbergraph_PROTO_BP_AnimBlueprint_0
[2018.07.02-16.19.30:285][407]LogUObjectGlobals: Created PersistentFrame Addr=0x000000007a6185f8, Size=4, Default__PROTO_BP_AnimBlueprint_0_C Function /Engine/Transient.PROTO_BP_AnimBlueprint_0_C:ExecuteUbergraph_PROTO_BP_AnimBlueprint_0
[2018.07.02-16.19.35:656][675]LogSlate: Window 'CharacterB' being destroyed
[2018.07.02-16.19.44:410][652]Cmd: MAP LOAD FILE="C:/Users/seb/Documents/GitHub/DrunkFighting/Content/Maps/LevelTest.umap" TEMPLATE=0 SHOWPROGRESS=1 FEATURELEVEL=3
[2018.07.02-16.19.44:410][652]LightingResults: New page: Lighting Build
[2018.07.02-16.19.44:411][652]LoadErrors: New page: Loading map: LevelTest.umap
[2018.07.02-16.19.44:411][652]MapCheck: New page: Map Check
[2018.07.02-16.19.44:411][652]LightingResults: New page: Lighting Build
[2018.07.02-16.19.44:450][652]LogUObjectGlobals: Destroyed PersistentFrame Addr=0x000000004d7e6820, Size=4
[2018.07.02-16.19.44:465][652]LogUObjectGlobals: Created PersistentFrame Addr=0x000000007c502fe0, Size=4, Default__LevelTest_C Function /Game/Maps/LevelTest.LevelTest_C:ExecuteUbergraph_LevelTest
[2018.07.02-16.19.44:466][652]LogUObjectGlobals: Destroyed PersistentFrame Addr=0x000000007c502fe0, Size=4
[2018.07.02-16.19.44:466][652]LogUObjectGlobals: Created PersistentFrame Addr=0x000000007c502fe0, Size=4, Default__LevelTest_C Function /Engine/Transient.REINST_LevelTest_C_27:ExecuteUbergraph_LevelTest
[2018.07.02-16.19.44:467][652]LogUObjectGlobals: Created PersistentFrame Addr=0x000000007c503058, Size=4, Default__LevelTest_C Function /Game/Maps/LevelTest.LevelTest_C:ExecuteUbergraph_LevelTest
[2018.07.02-16.19.44:485][652]LogAIModule: Creating AISystem for world LevelTest
[2018.07.02-16.19.44:490][652]LogEditorServer: Finished looking for orphan Actors (0.000 secs)
[2018.07.02-16.19.44:530][652]LogUObjectGlobals: Destroyed PersistentFrame Addr=0x000000007c502fe0, Size=4
[2018.07.02-16.19.44:568][652]Cmd: MAP CHECKDEP NOCLEARLOG
[2018.07.02-16.19.44:652][652]MapCheck: Map check complete: 0 Error(s), 0 Warning(s), took 83,491ms to complete.
[2018.07.02-16.19.44:654][652]LogFileHelpers: Loading map 'LevelTest' took 0.246
[2018.07.02-16.19.52:060][511]LogSlate: FSceneViewport::OnFocusLost() reason 0
[2018.07.02-16.20.02:794][730]LogSlate: FSceneViewport::OnFocusLost() reason 0
[2018.07.02-16.20.24:055][599]LogEditorViewport: Clicking on Actor (LMB): StaticMeshActor (Floor)
[2018.07.02-16.20.25:146][691]Cmd: DELETE
[2018.07.02-16.20.25:146][691]Cmd: ACTOR DELETE
[2018.07.02-16.20.25:148][691]LogEditorActor: Deleted Actor: StaticMeshActor
[2018.07.02-16.20.25:191][691]LogEditorActor: Deleted 1 Actors (0.044 secs)
[2018.07.02-16.20.29:843][197]LogEditorViewport: Clicking on Actor (LMB): PlayerStart (Player Start4)
[2018.07.02-16.20.32:675][413]LogNavigationPoint: PostEditMove Clear paths rebuilt
[2018.07.02-16.20.34:986][603]LogEditorViewport: Clicking on Actor (LMB): PaperTileMapActor (SpriteSheet_Donjon_sBlocks_TileMap)
[2018.07.02-16.20.35:824][662]LogSlate: Took 0.025738 seconds to synchronously load lazily loaded font '../../../Engine/Content/Slate/Fonts/Roboto-Italic.ttf' (157K)
[2018.07.02-16.20.37:181][775]LogSlate: FSceneViewport::OnFocusLost() reason 0
[2018.07.02-16.20.41:663][155]LogEditorViewport: Clicking on Actor (LMB): PlayerStart (Player Start4)
[2018.07.02-16.20.43:579][327]LogSlate: FSceneViewport::OnFocusLost() reason 0
[2018.07.02-16.20.48:100][758]LogNavigationPoint: PostEditMove Clear paths rebuilt
[2018.07.02-16.20.48:782][823]LogNavigationPoint: PostEditMove Clear paths rebuilt
[2018.07.02-16.20.53:158][246]LogNavigationPoint: PostEditMove Clear paths rebuilt
[2018.07.02-16.20.54:364][332]LogEditorViewport: Clicking on Actor (LMB): PlayerStart (Player Start3)
[2018.07.02-16.20.55:995][482]LogSlate: FSceneViewport::OnFocusLost() reason 0
[2018.07.02-16.21.00:056][870]LogNavigationPoint: PostEditMove Clear paths rebuilt
[2018.07.02-16.21.02:936][ 98]LogNavigationPoint: PostEditMove Clear paths rebuilt
[2018.07.02-16.21.03:674][167]LogNavigationPoint: PostEditMove Clear paths rebuilt
[2018.07.02-16.21.06:805][402]LogEditorViewport: Clicking on Actor (LMB): PlayerStart (Player Start2)
[2018.07.02-16.21.09:360][638]LogNavigationPoint: PostEditMove Clear paths rebuilt
[2018.07.02-16.21.10:587][749]LogSlate: FSceneViewport::OnFocusLost() reason 0
[2018.07.02-16.21.17:517][414]LogNavigationPoint: PostEditMove Clear paths rebuilt
[2018.07.02-16.21.19:649][611]LogNavigationPoint: PostEditMove Clear paths rebuilt
[2018.07.02-16.21.20:239][666]LogNavigationPoint: PostEditMove Clear paths rebuilt
[2018.07.02-16.21.24:193][ 16]LogEditorViewport: Clicking on Actor (LMB): PlayerStart (Player Start)
[2018.07.02-16.21.30:010][528]LogNavigationPoint: PostEditMove Clear paths rebuilt
[2018.07.02-16.21.31:097][635]LogNavigationPoint: PostEditMove Clear paths rebuilt
[2018.07.02-16.21.33:029][819]LogEditorViewport: Clicking on Actor (context menu): BP_Sky_Sphere_C (Sky Sphere)
[2018.07.02-16.21.33:201][819]LogSlate: FSceneViewport::OnFocusLost() reason 2
[2018.07.02-16.21.34:311][911]LogEditorViewport: Clicking on Actor (LMB): BP_Sky_Sphere_C (Sky Sphere)
[2018.07.02-16.21.39:350][286]LogEditorViewport: Clicking on Actor (LMB): BP_camera_C (BP_camera)
[2018.07.02-16.21.51:861][394]LogSlate: FSceneViewport::OnFocusLost() reason 0
[2018.07.02-16.21.51:937][402]LogTemp: Repeating last play command: New Editor Window (PIE)
[2018.07.02-16.21.51:966][402]LogBlueprintUserMessages: Early PlayInEditor Detection: Level '/Game/Maps/LevelTest.LevelTest:PersistentLevel' has LevelScriptBlueprint '/Game/Maps/LevelTest.LevelTest:PersistentLevel.LevelTest' with GeneratedClass '/Game/Maps/LevelTest.LevelTest_C' with ClassGeneratedBy '/Game/Maps/LevelTest.LevelTest:PersistentLevel.LevelTest'
[2018.07.02-16.21.51:966][402]LogPlayLevel: PlayLevel: No blueprints needed recompiling
[2018.07.02-16.21.51:966][402]PIE: New page: PIE session: LevelTest (2 juil. 2018 20:21:51)
[2018.07.02-16.21.51:966][402]LogPlayLevel: Creating play world package: /Game/Maps/UEDPIE_0_LevelTest
[2018.07.02-16.21.51:970][402]LogPlayLevel: PIE: StaticDuplicateObject took: (0.003782s)
[2018.07.02-16.21.51:971][402]LogAIModule: Creating AISystem for world LevelTest
[2018.07.02-16.21.51:971][402]LogPlayLevel: PIE: World Init took: (0.000959s)
[2018.07.02-16.21.51:971][402]LogPlayLevel: PIE: Created PIE world by copying editor world from /Game/Maps/LevelTest.LevelTest to /Game/Maps/UEDPIE_0_LevelTest.LevelTest (0.004906s)
[2018.07.02-16.21.52:055][402]LogInit: XAudio2 using 'Haut-parleurs (2- Razer Surround Audio Controller)' : 6 channels at 48 kHz using 16 bits per sample (channel mask 0x3f)
[2018.07.02-16.21.52:062][402]LogInit: FAudioDevice initialized.
[2018.07.02-16.21.52:126][402]LogLoad: Game class is 'BP_gameMode_C'
[2018.07.02-16.21.52:129][402]LogWorld: Bringing World /Game/Maps/UEDPIE_0_LevelTest.LevelTest up for play (max tick rate 0) at 2018.07.02-18.21.52
[2018.07.02-16.21.52:131][402]LogWorld: Bringing up level for play took: 0.002963
[2018.07.02-16.21.52:135][402]LogContentBrowser: Native class hierarchy updated for 'MovieSceneCapture' in 0.0004 seconds. Added 11 classes and 0 folders.
[2018.07.02-16.21.52:136][402]LogGameMode: Display: Match State Changed from EnteringMap to WaitingToStart
[2018.07.02-16.21.52:136][402]LogGameState: Match State Changed from EnteringMap to WaitingToStart
[2018.07.02-16.21.52:136][402]LogGameMode: Display: Match State Changed from WaitingToStart to InProgress
[2018.07.02-16.21.52:136][402]LogPlayerManagement: Error: Failed to Create Player: A local player already exists for controller ID 0,
[2018.07.02-16.21.52:141][402]LogGameState: Match State Changed from WaitingToStart to InProgress
[2018.07.02-16.21.52:146][402]PIE: Play in editor start time for /Game/Maps/UEDPIE_0_LevelTest -0,03
[2018.07.02-16.21.52:147][402]LogBlueprintUserMessages: Late PlayInEditor Detection: Level '/Game/Maps/LevelTest.LevelTest:PersistentLevel' has LevelScriptBlueprint '/Game/Maps/LevelTest.LevelTest:PersistentLevel.LevelTest' with GeneratedClass '/Game/Maps/LevelTest.LevelTest_C' with ClassGeneratedBy '/Game/Maps/LevelTest.LevelTest:PersistentLevel.LevelTest'
[2018.07.02-16.21.52:223][402]LogRenderer: Reallocating scene render targets to support 1452x936 Format 10 NumSamples 1 (Frame:1).
[2018.07.02-16.22.10:846][419]LogBlueprintUserMessages: Early EndPlayMap Detection: Level '/Game/Maps/LevelTest.LevelTest:PersistentLevel' has LevelScriptBlueprint '/Game/Maps/LevelTest.LevelTest:PersistentLevel.LevelTest' with GeneratedClass '/Game/Maps/LevelTest.LevelTest_C' with ClassGeneratedBy '/Game/Maps/LevelTest.LevelTest:PersistentLevel.LevelTest'
[2018.07.02-16.22.10:869][419]LogSlate: Window 'DrunkFighting Game Preview Standalone (64-bit/PCD3D_SM5)' being destroyed
[2018.07.02-16.22.10:909][419]LogBlueprintUserMessages: Late EndPlayMap Detection: Level '/Game/Maps/LevelTest.LevelTest:PersistentLevel' has LevelScriptBlueprint '/Game/Maps/LevelTest.LevelTest:PersistentLevel.LevelTest' with GeneratedClass '/Game/Maps/LevelTest.LevelTest_C' with ClassGeneratedBy '/Game/Maps/LevelTest.LevelTest:PersistentLevel.LevelTest'
[2018.07.02-16.22.24:545][972]LogSlate: FSceneViewport::OnFocusLost() reason 0
[2018.07.02-16.22.39:743][626]LogEditorViewport: Clicking on Actor (LMB): BP_camera_C (BP_camera)
[2018.07.02-16.22.47:440][305]LogSlate: FSceneViewport::OnFocusLost() reason 0
[2018.07.02-16.22.53:131][815]LogTemp: Repeating last play command: New Editor Window (PIE)
[2018.07.02-16.22.53:152][815]LogBlueprintUserMessages: Early PlayInEditor Detection: Level '/Game/Maps/LevelTest.LevelTest:PersistentLevel' has LevelScriptBlueprint '/Game/Maps/LevelTest.LevelTest:PersistentLevel.LevelTest' with GeneratedClass '/Game/Maps/LevelTest.LevelTest_C' with ClassGeneratedBy '/Game/Maps/LevelTest.LevelTest:PersistentLevel.LevelTest'
[2018.07.02-16.22.53:153][815]LogPlayLevel: PlayLevel: No blueprints needed recompiling
[2018.07.02-16.22.53:153][815]PIE: New page: PIE session: LevelTest (2 juil. 2018 20:22:53)
[2018.07.02-16.22.53:153][815]LogPlayLevel: Creating play world package: /Game/Maps/UEDPIE_0_LevelTest
[2018.07.02-16.22.53:158][815]LogPlayLevel: PIE: StaticDuplicateObject took: (0.005112s)
[2018.07.02-16.22.53:159][815]LogAIModule: Creating AISystem for world LevelTest
[2018.07.02-16.22.53:159][815]LogPlayLevel: PIE: World Init took: (0.000999s)
[2018.07.02-16.22.53:159][815]LogPlayLevel: PIE: Created PIE world by copying editor world from /Game/Maps/LevelTest.LevelTest to /Game/Maps/UEDPIE_0_LevelTest.LevelTest (0.006270s)
[2018.07.02-16.22.53:241][815]LogInit: XAudio2 using 'Haut-parleurs (2- Razer Surround Audio Controller)' : 6 channels at 48 kHz using 16 bits per sample (channel mask 0x3f)
[2018.07.02-16.22.53:247][815]LogInit: FAudioDevice initialized.
[2018.07.02-16.22.53:299][815]LogLoad: Game class is 'BP_gameMode_C'
[2018.07.02-16.22.53:302][815]LogWorld: Bringing World /Game/Maps/UEDPIE_0_LevelTest.LevelTest up for play (max tick rate 0) at 2018.07.02-18.22.53
[2018.07.02-16.22.53:303][815]LogWorld: Bringing up level for play took: 0.003333
[2018.07.02-16.22.53:304][815]LogGameMode: Display: Match State Changed from EnteringMap to WaitingToStart
[2018.07.02-16.22.53:304][815]LogGameState: Match State Changed from EnteringMap to WaitingToStart
[2018.07.02-16.22.53:304][815]LogGameMode: Display: Match State Changed from WaitingToStart to InProgress
[2018.07.02-16.22.53:305][815]LogPlayerManagement: Error: Failed to Create Player: A local player already exists for controller ID 0,
[2018.07.02-16.22.53:309][815]LogGameState: Match State Changed from WaitingToStart to InProgress
[2018.07.02-16.22.53:314][815]PIE: Play in editor start time for /Game/Maps/UEDPIE_0_LevelTest 1,137
[2018.07.02-16.22.53:314][815]LogBlueprintUserMessages: Late PlayInEditor Detection: Level '/Game/Maps/LevelTest.LevelTest:PersistentLevel' has LevelScriptBlueprint '/Game/Maps/LevelTest.LevelTest:PersistentLevel.LevelTest' with GeneratedClass '/Game/Maps/LevelTest.LevelTest_C' with ClassGeneratedBy '/Game/Maps/LevelTest.LevelTest:PersistentLevel.LevelTest'
[2018.07.02-16.23.04:473][984]LogBlueprintUserMessages: Early EndPlayMap Detection: Level '/Game/Maps/LevelTest.LevelTest:PersistentLevel' has LevelScriptBlueprint '/Game/Maps/LevelTest.LevelTest:PersistentLevel.LevelTest' with GeneratedClass '/Game/Maps/LevelTest.LevelTest_C' with ClassGeneratedBy '/Game/Maps/LevelTest.LevelTest:PersistentLevel.LevelTest'
[2018.07.02-16.23.04:496][984]LogSlate: Window 'DrunkFighting Game Preview Standalone (64-bit/PCD3D_SM5)' being destroyed
[2018.07.02-16.23.04:541][984]LogBlueprintUserMessages: Late EndPlayMap Detection: Level '/Game/Maps/LevelTest.LevelTest:PersistentLevel' has LevelScriptBlueprint '/Game/Maps/LevelTest.LevelTest:PersistentLevel.LevelTest' with GeneratedClass '/Game/Maps/LevelTest.LevelTest_C' with ClassGeneratedBy '/Game/Maps/LevelTest.LevelTest:PersistentLevel.LevelTest'
[2018.07.02-16.23.05:657][105]LogEditorViewport: Clicking on Actor (LMB): BP_Sky_Sphere_C (Sky Sphere)
[2018.07.02-16.23.55:543][712]LogSlate: FSceneViewport::OnFocusLost() reason 0
[2018.07.02-16.23.55:647][723]LogTemp: Repeating last play command: New Editor Window (PIE)
[2018.07.02-16.23.55:667][723]LogBlueprintUserMessages: Early PlayInEditor Detection: Level '/Game/Maps/LevelTest.LevelTest:PersistentLevel' has LevelScriptBlueprint '/Game/Maps/LevelTest.LevelTest:PersistentLevel.LevelTest' with GeneratedClass '/Game/Maps/LevelTest.LevelTest_C' with ClassGeneratedBy '/Game/Maps/LevelTest.LevelTest:PersistentLevel.LevelTest'
[2018.07.02-16.23.55:667][723]LogPlayLevel: PlayLevel: No blueprints needed recompiling
[2018.07.02-16.23.55:668][723]PIE: New page: PIE session: LevelTest (2 juil. 2018 20:23:55)
[2018.07.02-16.23.55:668][723]LogPlayLevel: Creating play world package: /Game/Maps/UEDPIE_0_LevelTest
[2018.07.02-16.23.55:673][723]LogPlayLevel: PIE: StaticDuplicateObject took: (0.005161s)
[2018.07.02-16.23.55:674][723]LogAIModule: Creating AISystem for world LevelTest
[2018.07.02-16.23.55:674][723]LogPlayLevel: PIE: World Init took: (0.000966s)
[2018.07.02-16.23.55:674][723]LogPlayLevel: PIE: Created PIE world by copying editor world from /Game/Maps/LevelTest.LevelTest to /Game/Maps/UEDPIE_0_LevelTest.LevelTest (0.006288s)
[2018.07.02-16.23.55:733][723]LogInit: XAudio2 using 'Haut-parleurs (2- Razer Surround Audio Controller)' : 6 channels at 48 kHz using 16 bits per sample (channel mask 0x3f)
[2018.07.02-16.23.55:739][723]LogInit: FAudioDevice initialized.
[2018.07.02-16.23.55:793][723]LogLoad: Game class is 'BP_gameMode_C'
[2018.07.02-16.23.55:796][723]LogWorld: Bringing World /Game/Maps/UEDPIE_0_LevelTest.LevelTest up for play (max tick rate 0) at 2018.07.02-18.23.55
[2018.07.02-16.23.55:797][723]LogWorld: Bringing up level for play took: 0.002947
[2018.07.02-16.23.55:798][723]LogGameMode: Display: Match State Changed from EnteringMap to WaitingToStart
[2018.07.02-16.23.55:798][723]LogGameState: Match State Changed from EnteringMap to WaitingToStart
[2018.07.02-16.23.55:798][723]LogGameMode: Display: Match State Changed from WaitingToStart to InProgress
[2018.07.02-16.23.55:798][723]LogPlayerManagement: Error: Failed to Create Player: A local player already exists for controller ID 0,
[2018.07.02-16.23.55:803][723]LogGameState: Match State Changed from WaitingToStart to InProgress
[2018.07.02-16.23.55:808][723]PIE: Play in editor start time for /Game/Maps/UEDPIE_0_LevelTest -0,369
[2018.07.02-16.23.55:809][723]LogBlueprintUserMessages: Late PlayInEditor Detection: Level '/Game/Maps/LevelTest.LevelTest:PersistentLevel' has LevelScriptBlueprint '/Game/Maps/LevelTest.LevelTest:PersistentLevel.LevelTest' with GeneratedClass '/Game/Maps/LevelTest.LevelTest_C' with ClassGeneratedBy '/Game/Maps/LevelTest.LevelTest:PersistentLevel.LevelTest'
[2018.07.02-16.24.08:694][ 59]LogBlueprintUserMessages: Early EndPlayMap Detection: Level '/Game/Maps/LevelTest.LevelTest:PersistentLevel' has LevelScriptBlueprint '/Game/Maps/LevelTest.LevelTest:PersistentLevel.LevelTest' with GeneratedClass '/Game/Maps/LevelTest.LevelTest_C' with ClassGeneratedBy '/Game/Maps/LevelTest.LevelTest:PersistentLevel.LevelTest'
[2018.07.02-16.24.08:717][ 59]LogSlate: Window 'DrunkFighting Game Preview Standalone (64-bit/PCD3D_SM5)' being destroyed
[2018.07.02-16.24.08:749][ 59]LogBlueprintUserMessages: Late EndPlayMap Detection: Level '/Game/Maps/LevelTest.LevelTest:PersistentLevel' has LevelScriptBlueprint '/Game/Maps/LevelTest.LevelTest:PersistentLevel.LevelTest' with GeneratedClass '/Game/Maps/LevelTest.LevelTest_C' with ClassGeneratedBy '/Game/Maps/LevelTest.LevelTest:PersistentLevel.LevelTest'
[2018.07.02-16.24.24:662][929]LogSlate: FSceneViewport::OnFocusLost() reason 0
[2018.07.02-16.24.24:851][941]Cmd: OBJ SAVEPACKAGE PACKAGE="/Game/Maps/LevelTest" FILE="C:/Users/seb/Documents/GitHub/DrunkFighting/Content/Maps/LevelTest.umap" SILENT=true AUTOSAVING=false KEEPDIRTY=false
[2018.07.02-16.24.24:912][941]LogUObjectGlobals: Destroyed PersistentFrame Addr=0x000000007c503058, Size=4
[2018.07.02-16.24.24:912][941]LogUObjectGlobals: Created PersistentFrame Addr=0x0000000083b2f2c0, Size=4, Default__LevelTest_C Function /Engine/Transient.REINST_LevelTest_C_31:ExecuteUbergraph_LevelTest
[2018.07.02-16.24.24:913][941]LogUObjectGlobals: Created PersistentFrame Addr=0x0000000083b2c158, Size=4, Default__LevelTest_C Function /Game/Maps/LevelTest.LevelTest_C:ExecuteUbergraph_LevelTest
[2018.07.02-16.24.25:060][941]LogSavePackage: Save=149.68ms
[2018.07.02-16.24.25:060][941]LogSavePackage: Moving 'C:/Users/seb/Documents/GitHub/DrunkFighting/Saved/LevelTest6A8B17974D6F307B5B56B0B47BC80F1F.tmp' to 'C:/Users/seb/Documents/GitHub/DrunkFighting/Content/Maps/LevelTest.umap'
[2018.07.02-16.24.25:063][941]LogSavePackage: Display: Finished SavePackage C:/Users/seb/Documents/GitHub/DrunkFighting/Content/Maps/LevelTest.umap
[2018.07.02-16.24.25:099][941]Cmd: OBJ SAVEPACKAGE PACKAGE="/Game/Maps/LevelTest_BuiltData" FILE="C:/Users/seb/Documents/GitHub/DrunkFighting/Content/Maps/LevelTest_BuiltData.uasset" SILENT=true
[2018.07.02-16.24.25:165][941]LogSavePackage: Save=45.80ms
[2018.07.02-16.24.25:165][941]LogSavePackage: Moving 'C:/Users/seb/Documents/GitHub/DrunkFighting/Saved/LevelTest_BuiltDataC0A2DF054ACB734C00FE4CA63DE421CA.tmp' to 'C:/Users/seb/Documents/GitHub/DrunkFighting/Content/Maps/LevelTest_BuiltData.uasset'
[2018.07.02-16.24.25:167][941]LogSavePackage: Display: Finished SavePackage C:/Users/seb/Documents/GitHub/DrunkFighting/Content/Maps/LevelTest_BuiltData.uasset
[2018.07.02-16.24.26:263][ 61]LogSlate: FSceneViewport::OnFocusLost() reason 0
[2018.07.02-16.24.26:399][ 73]LogUObjectGlobals: Destroyed PersistentFrame Addr=0x0000000083b2f2c0, Size=4
[2018.07.02-16.24.49:149][714]Cmd: OBJ SAVEPACKAGE PACKAGE="/Game/Personnage/BP_camera" FILE="C:/Users/seb/Documents/GitHub/DrunkFighting/Content/Personnage/BP_camera.uasset" SILENT=true
[2018.07.02-16.24.49:316][714]LogSavePackage: Save=146.11ms
[2018.07.02-16.24.49:316][714]LogSavePackage: Moving 'C:/Users/seb/Documents/GitHub/DrunkFighting/Saved/BP_cameraE8A745D644C73346CB89A784CFE4E9DD.tmp' to 'C:/Users/seb/Documents/GitHub/DrunkFighting/Content/Personnage/BP_camera.uasset'
[2018.07.02-16.24.49:320][714]LogSavePackage: Display: Finished SavePackage C:/Users/seb/Documents/GitHub/DrunkFighting/Content/Personnage/BP_camera.uasset
